<?xml version="1.0" encoding="UTF-8"?>
<!-- Generated by org.testng.reporters.JUnitReportReporter -->
<testsuite hostname="DESKTOP-T7EV659" failures="0" tests="1000" name="testngFlags.invocationCountFlag" time="0.916" errors="0" timestamp="2022-06-09T18:58:02 IST" skipped="0">
  <testcase classname="testngFlags.invocationCountFlag" name="login" time="0.001"/>
  <system-out>
    <![CDATA[inconsistent bug]]>
  </system-out>
  <testcase classname="testngFlags.invocationCountFlag" name="login" time="0.001"/>
  <system-out>
    <![CDATA[inconsistent bug]]>
  </system-out>
  <testcase classname="testngFlags.invocationCountFlag" name="login" time="0.000"/>
  <system-out>
    <![CDATA[inconsistent bug]]>
  </system-out>
  <testcase classname="testngFlags.invocationCountFlag" name="login" time="0.000"/>
  <system-out>
    <![CDATA[inconsistent bug]]>
  </system-out>
  <testcase classname="testngFlags.invocationCountFlag" name="login" time="0.001"/>
  <system-out>
    <![CDATA[inconsistent bug]]>
  </system-out>
  <testcase classname="testngFlags.invocationCountFlag" name="login" time="0.000"/>
  <system-out>
    <![CDATA[inconsistent bug]]>
  </system-out>
  <testcase classname="testngFlags.invocationCountFlag" name="login" time="0.001"/>
  <system-out>
    <![CDATA[inconsistent bug]]>
  </system-out>
  <testcase classname="testngFlags.invocationCountFlag" name="login" time="0.000"/>
  <system-out>
    <![CDATA[inconsistent bug]]>
  </system-out>
  <testcase classname="testngFlags.invocationCountFlag" name="login" time="0.001"/>
  <system-out>
    <![CDATA[inconsistent bug]]>
  </system-out>
  <testcase classname="testngFlags.invocationCountFlag" name="login" time="0.000"/>
  <system-out>
    <![CDATA[inconsistent bug]]>
  </system-out>
  <testcase classname="testngFlags.invocationCountFlag" name="login" time="0.000"/>
  <system-out>
    <![CDATA[inconsistent bug]]>
  </system-out>
  <testcase classname="testngFlags.invocationCountFlag" name="login" time="0.001"/>
  <system-out>
    <![CDATA[inconsistent bug]]>
  </system-out>
  <testcase classname="testngFlags.invocationCountFlag" name="login" time="0.000"/>
  <system-out>
    <![CDATA[inconsistent bug]]>
  </system-out>
  <testcase classname="testngFlags.invocationCountFlag" name="login" time="0.002"/>
  <system-out>
    <![CDATA[inconsistent bug]]>
  </system-out>
  <testcase classname="testngFlags.invocationCountFlag" name="login" time="0.000"/>
  <system-out>
    <![CDATA[inconsistent bug]]>
  </system-out>
  <testcase classname="testngFlags.invocationCountFlag" name="login" time="0.005"/>
  <system-out>
    <![CDATA[inconsistent bug]]>
  </system-out>
  <testcase classname="testngFlags.invocationCountFlag" name="login" time="0.002"/>
  <system-out>
    <![CDATA[inconsistent bug]]>
  </system-out>
  <testcase classname="testngFlags.invocationCountFlag" name="login" time="0.001"/>
  <system-out>
    <![CDATA[inconsistent bug]]>
  </system-out>
  <testcase classname="testngFlags.invocationCountFlag" name="login" time="0.000"/>
  <system-out>
    <![CDATA[inconsistent bug]]>
  </system-out>
  <testcase classname="testngFlags.invocationCountFlag" name="login" time="0.000"/>
  <system-out>
    <![CDATA[inconsistent bug]]>
  </system-out>
  <testcase classname="testngFlags.invocationCountFlag" name="login" time="0.001"/>
  <system-out>
    <![CDATA[inconsistent bug]]>
  </system-out>
  <testcase classname="testngFlags.invocationCountFlag" name="login" time="0.003"/>
  <system-out>
    <![CDATA[inconsistent bug]]>
  </system-out>
  <testcase classname="testngFlags.invocationCountFlag" name="login" time="0.000"/>
  <system-out>
    <![CDATA[inconsistent bug]]>
  </system-out>
  <testcase classname="testngFlags.invocationCountFlag" name="login" time="0.001"/>
  <system-out>
    <![CDATA[inconsistent bug]]>
  </system-out>
  <testcase classname="testngFlags.invocationCountFlag" name="login" time="0.000"/>
  <system-out>
    <![CDATA[inconsistent bug]]>
  </system-out>
  <testcase classname="testngFlags.invocationCountFlag" name="login" time="0.001"/>
  <system-out>
    <![CDATA[inconsistent bug]]>
  </system-out>
  <testcase classname="testngFlags.invocationCountFlag" name="login" time="0.000"/>
  <system-out>
    <![CDATA[inconsistent bug]]>
  </system-out>
  <testcase classname="testngFlags.invocationCountFlag" name="login" time="0.001"/>
  <system-out>
    <![CDATA[inconsistent bug]]>
  </system-out>
  <testcase classname="testngFlags.invocationCountFlag" name="login" time="0.001"/>
  <system-out>
    <![CDATA[inconsistent bug]]>
  </system-out>
  <testcase classname="testngFlags.invocationCountFlag" name="login" time="0.000"/>
  <system-out>
    <![CDATA[inconsistent bug]]>
  </system-out>
  <testcase classname="testngFlags.invocationCountFlag" name="login" time="0.000"/>
  <system-out>
    <![CDATA[inconsistent bug]]>
  </system-out>
  <testcase classname="testngFlags.invocationCountFlag" name="login" time="0.000"/>
  <system-out>
    <![CDATA[inconsistent bug]]>
  </system-out>
  <testcase classname="testngFlags.invocationCountFlag" name="login" time="0.002"/>
  <system-out>
    <![CDATA[inconsistent bug]]>
  </system-out>
  <testcase classname="testngFlags.invocationCountFlag" name="login" time="0.001"/>
  <system-out>
    <![CDATA[inconsistent bug]]>
  </system-out>
  <testcase classname="testngFlags.invocationCountFlag" name="login" time="0.000"/>
  <system-out>
    <![CDATA[inconsistent bug]]>
  </system-out>
  <testcase classname="testngFlags.invocationCountFlag" name="login" time="0.001"/>
  <system-out>
    <![CDATA[inconsistent bug]]>
  </system-out>
  <testcase classname="testngFlags.invocationCountFlag" name="login" time="0.001"/>
  <system-out>
    <![CDATA[inconsistent bug]]>
  </system-out>
  <testcase classname="testngFlags.invocationCountFlag" name="login" time="0.001"/>
  <system-out>
    <![CDATA[inconsistent bug]]>
  </system-out>
  <testcase classname="testngFlags.invocationCountFlag" name="login" time="0.002"/>
  <system-out>
    <![CDATA[inconsistent bug]]>
  </system-out>
  <testcase classname="testngFlags.invocationCountFlag" name="login" time="0.002"/>
  <system-out>
    <![CDATA[inconsistent bug]]>
  </system-out>
  <testcase classname="testngFlags.invocationCountFlag" name="login" time="0.000"/>
  <system-out>
    <![CDATA[inconsistent bug]]>
  </system-out>
  <testcase classname="testngFlags.invocationCountFlag" name="login" time="0.001"/>
  <system-out>
    <![CDATA[inconsistent bug]]>
  </system-out>
  <testcase classname="testngFlags.invocationCountFlag" name="login" time="0.003"/>
  <system-out>
    <![CDATA[inconsistent bug]]>
  </system-out>
  <testcase classname="testngFlags.invocationCountFlag" name="login" time="0.000"/>
  <system-out>
    <![CDATA[inconsistent bug]]>
  </system-out>
  <testcase classname="testngFlags.invocationCountFlag" name="login" time="0.000"/>
  <system-out>
    <![CDATA[inconsistent bug]]>
  </system-out>
  <testcase classname="testngFlags.invocationCountFlag" name="login" time="0.000"/>
  <system-out>
    <![CDATA[inconsistent bug]]>
  </system-out>
  <testcase classname="testngFlags.invocationCountFlag" name="login" time="0.001"/>
  <system-out>
    <![CDATA[inconsistent bug]]>
  </system-out>
  <testcase classname="testngFlags.invocationCountFlag" name="login" time="0.001"/>
  <system-out>
    <![CDATA[inconsistent bug]]>
  </system-out>
  <testcase classname="testngFlags.invocationCountFlag" name="login" time="0.001"/>
  <system-out>
    <![CDATA[inconsistent bug]]>
  </system-out>
  <testcase classname="testngFlags.invocationCountFlag" name="login" time="0.002"/>
  <system-out>
    <![CDATA[inconsistent bug]]>
  </system-out>
  <testcase classname="testngFlags.invocationCountFlag" name="login" time="0.000"/>
  <system-out>
    <![CDATA[inconsistent bug]]>
  </system-out>
  <testcase classname="testngFlags.invocationCountFlag" name="login" time="0.000"/>
  <system-out>
    <![CDATA[inconsistent bug]]>
  </system-out>
  <testcase classname="testngFlags.invocationCountFlag" name="login" time="0.001"/>
  <system-out>
    <![CDATA[inconsistent bug]]>
  </system-out>
  <testcase classname="testngFlags.invocationCountFlag" name="login" time="0.001"/>
  <system-out>
    <![CDATA[inconsistent bug]]>
  </system-out>
  <testcase classname="testngFlags.invocationCountFlag" name="login" time="0.002"/>
  <system-out>
    <![CDATA[inconsistent bug]]>
  </system-out>
  <testcase classname="testngFlags.invocationCountFlag" name="login" time="0.000"/>
  <system-out>
    <![CDATA[inconsistent bug]]>
  </system-out>
  <testcase classname="testngFlags.invocationCountFlag" name="login" time="0.000"/>
  <system-out>
    <![CDATA[inconsistent bug]]>
  </system-out>
  <testcase classname="testngFlags.invocationCountFlag" name="login" time="0.001"/>
  <system-out>
    <![CDATA[inconsistent bug]]>
  </system-out>
  <testcase classname="testngFlags.invocationCountFlag" name="login" time="0.001"/>
  <system-out>
    <![CDATA[inconsistent bug]]>
  </system-out>
  <testcase classname="testngFlags.invocationCountFlag" name="login" time="0.000"/>
  <system-out>
    <![CDATA[inconsistent bug]]>
  </system-out>
  <testcase classname="testngFlags.invocationCountFlag" name="login" time="0.001"/>
  <system-out>
    <![CDATA[inconsistent bug]]>
  </system-out>
  <testcase classname="testngFlags.invocationCountFlag" name="login" time="0.000"/>
  <system-out>
    <![CDATA[inconsistent bug]]>
  </system-out>
  <testcase classname="testngFlags.invocationCountFlag" name="login" time="0.000"/>
  <system-out>
    <![CDATA[inconsistent bug]]>
  </system-out>
  <testcase classname="testngFlags.invocationCountFlag" name="login" time="0.001"/>
  <system-out>
    <![CDATA[inconsistent bug]]>
  </system-out>
  <testcase classname="testngFlags.invocationCountFlag" name="login" time="0.001"/>
  <system-out>
    <![CDATA[inconsistent bug]]>
  </system-out>
  <testcase classname="testngFlags.invocationCountFlag" name="login" time="0.000"/>
  <system-out>
    <![CDATA[inconsistent bug]]>
  </system-out>
  <testcase classname="testngFlags.invocationCountFlag" name="login" time="0.001"/>
  <system-out>
    <![CDATA[inconsistent bug]]>
  </system-out>
  <testcase classname="testngFlags.invocationCountFlag" name="login" time="0.001"/>
  <system-out>
    <![CDATA[inconsistent bug]]>
  </system-out>
  <testcase classname="testngFlags.invocationCountFlag" name="login" time="0.000"/>
  <system-out>
    <![CDATA[inconsistent bug]]>
  </system-out>
  <testcase classname="testngFlags.invocationCountFlag" name="login" time="0.001"/>
  <system-out>
    <![CDATA[inconsistent bug]]>
  </system-out>
  <testcase classname="testngFlags.invocationCountFlag" name="login" time="0.002"/>
  <system-out>
    <![CDATA[inconsistent bug]]>
  </system-out>
  <testcase classname="testngFlags.invocationCountFlag" name="login" time="0.002"/>
  <system-out>
    <![CDATA[inconsistent bug]]>
  </system-out>
  <testcase classname="testngFlags.invocationCountFlag" name="login" time="0.000"/>
  <system-out>
    <![CDATA[inconsistent bug]]>
  </system-out>
  <testcase classname="testngFlags.invocationCountFlag" name="login" time="0.001"/>
  <system-out>
    <![CDATA[inconsistent bug]]>
  </system-out>
  <testcase classname="testngFlags.invocationCountFlag" name="login" time="0.002"/>
  <system-out>
    <![CDATA[inconsistent bug]]>
  </system-out>
  <testcase classname="testngFlags.invocationCountFlag" name="login" time="0.000"/>
  <system-out>
    <![CDATA[inconsistent bug]]>
  </system-out>
  <testcase classname="testngFlags.invocationCountFlag" name="login" time="0.000"/>
  <system-out>
    <![CDATA[inconsistent bug]]>
  </system-out>
  <testcase classname="testngFlags.invocationCountFlag" name="login" time="0.000"/>
  <system-out>
    <![CDATA[inconsistent bug]]>
  </system-out>
  <testcase classname="testngFlags.invocationCountFlag" name="login" time="0.001"/>
  <system-out>
    <![CDATA[inconsistent bug]]>
  </system-out>
  <testcase classname="testngFlags.invocationCountFlag" name="login" time="0.004"/>
  <system-out>
    <![CDATA[inconsistent bug]]>
  </system-out>
  <testcase classname="testngFlags.invocationCountFlag" name="login" time="0.000"/>
  <system-out>
    <![CDATA[inconsistent bug]]>
  </system-out>
  <testcase classname="testngFlags.invocationCountFlag" name="login" time="0.000"/>
  <system-out>
    <![CDATA[inconsistent bug]]>
  </system-out>
  <testcase classname="testngFlags.invocationCountFlag" name="login" time="0.001"/>
  <system-out>
    <![CDATA[inconsistent bug]]>
  </system-out>
  <testcase classname="testngFlags.invocationCountFlag" name="login" time="0.001"/>
  <system-out>
    <![CDATA[inconsistent bug]]>
  </system-out>
  <testcase classname="testngFlags.invocationCountFlag" name="login" time="0.000"/>
  <system-out>
    <![CDATA[inconsistent bug]]>
  </system-out>
  <testcase classname="testngFlags.invocationCountFlag" name="login" time="0.000"/>
  <system-out>
    <![CDATA[inconsistent bug]]>
  </system-out>
  <testcase classname="testngFlags.invocationCountFlag" name="login" time="0.000"/>
  <system-out>
    <![CDATA[inconsistent bug]]>
  </system-out>
  <testcase classname="testngFlags.invocationCountFlag" name="login" time="0.000"/>
  <system-out>
    <![CDATA[inconsistent bug]]>
  </system-out>
  <testcase classname="testngFlags.invocationCountFlag" name="login" time="0.006"/>
  <system-out>
    <![CDATA[inconsistent bug]]>
  </system-out>
  <testcase classname="testngFlags.invocationCountFlag" name="login" time="0.001"/>
  <system-out>
    <![CDATA[inconsistent bug]]>
  </system-out>
  <testcase classname="testngFlags.invocationCountFlag" name="login" time="0.000"/>
  <system-out>
    <![CDATA[inconsistent bug]]>
  </system-out>
  <testcase classname="testngFlags.invocationCountFlag" name="login" time="0.002"/>
  <system-out>
    <![CDATA[inconsistent bug]]>
  </system-out>
  <testcase classname="testngFlags.invocationCountFlag" name="login" time="0.000"/>
  <system-out>
    <![CDATA[inconsistent bug]]>
  </system-out>
  <testcase classname="testngFlags.invocationCountFlag" name="login" time="0.001"/>
  <system-out>
    <![CDATA[inconsistent bug]]>
  </system-out>
  <testcase classname="testngFlags.invocationCountFlag" name="login" time="0.001"/>
  <system-out>
    <![CDATA[inconsistent bug]]>
  </system-out>
  <testcase classname="testngFlags.invocationCountFlag" name="login" time="0.129"/>
  <system-out>
    <![CDATA[inconsistent bug]]>
  </system-out>
  <testcase classname="testngFlags.invocationCountFlag" name="login" time="0.001"/>
  <system-out>
    <![CDATA[inconsistent bug]]>
  </system-out>
  <testcase classname="testngFlags.invocationCountFlag" name="login" time="0.001"/>
  <system-out>
    <![CDATA[inconsistent bug]]>
  </system-out>
  <testcase classname="testngFlags.invocationCountFlag" name="login" time="0.000"/>
  <system-out>
    <![CDATA[inconsistent bug]]>
  </system-out>
  <testcase classname="testngFlags.invocationCountFlag" name="login" time="0.001"/>
  <system-out>
    <![CDATA[inconsistent bug]]>
  </system-out>
  <testcase classname="testngFlags.invocationCountFlag" name="login" time="0.000"/>
  <system-out>
    <![CDATA[inconsistent bug]]>
  </system-out>
  <testcase classname="testngFlags.invocationCountFlag" name="login" time="0.000"/>
  <system-out>
    <![CDATA[inconsistent bug]]>
  </system-out>
  <testcase classname="testngFlags.invocationCountFlag" name="login" time="0.001"/>
  <system-out>
    <![CDATA[inconsistent bug]]>
  </system-out>
  <testcase classname="testngFlags.invocationCountFlag" name="login" time="0.001"/>
  <system-out>
    <![CDATA[inconsistent bug]]>
  </system-out>
  <testcase classname="testngFlags.invocationCountFlag" name="login" time="0.001"/>
  <system-out>
    <![CDATA[inconsistent bug]]>
  </system-out>
  <testcase classname="testngFlags.invocationCountFlag" name="login" time="0.001"/>
  <system-out>
    <![CDATA[inconsistent bug]]>
  </system-out>
  <testcase classname="testngFlags.invocationCountFlag" name="login" time="0.000"/>
  <system-out>
    <![CDATA[inconsistent bug]]>
  </system-out>
  <testcase classname="testngFlags.invocationCountFlag" name="login" time="0.003"/>
  <system-out>
    <![CDATA[inconsistent bug]]>
  </system-out>
  <testcase classname="testngFlags.invocationCountFlag" name="login" time="0.001"/>
  <system-out>
    <![CDATA[inconsistent bug]]>
  </system-out>
  <testcase classname="testngFlags.invocationCountFlag" name="login" time="0.000"/>
  <system-out>
    <![CDATA[inconsistent bug]]>
  </system-out>
  <testcase classname="testngFlags.invocationCountFlag" name="login" time="0.000"/>
  <system-out>
    <![CDATA[inconsistent bug]]>
  </system-out>
  <testcase classname="testngFlags.invocationCountFlag" name="login" time="0.001"/>
  <system-out>
    <![CDATA[inconsistent bug]]>
  </system-out>
  <testcase classname="testngFlags.invocationCountFlag" name="login" time="0.000"/>
  <system-out>
    <![CDATA[inconsistent bug]]>
  </system-out>
  <testcase classname="testngFlags.invocationCountFlag" name="login" time="0.001"/>
  <system-out>
    <![CDATA[inconsistent bug]]>
  </system-out>
  <testcase classname="testngFlags.invocationCountFlag" name="login" time="0.002"/>
  <system-out>
    <![CDATA[inconsistent bug]]>
  </system-out>
  <testcase classname="testngFlags.invocationCountFlag" name="login" time="0.000"/>
  <system-out>
    <![CDATA[inconsistent bug]]>
  </system-out>
  <testcase classname="testngFlags.invocationCountFlag" name="login" time="0.000"/>
  <system-out>
    <![CDATA[inconsistent bug]]>
  </system-out>
  <testcase classname="testngFlags.invocationCountFlag" name="login" time="0.000"/>
  <system-out>
    <![CDATA[inconsistent bug]]>
  </system-out>
  <testcase classname="testngFlags.invocationCountFlag" name="login" time="0.000"/>
  <system-out>
    <![CDATA[inconsistent bug]]>
  </system-out>
  <testcase classname="testngFlags.invocationCountFlag" name="login" time="0.005"/>
  <system-out>
    <![CDATA[inconsistent bug]]>
  </system-out>
  <testcase classname="testngFlags.invocationCountFlag" name="login" time="0.015"/>
  <system-out>
    <![CDATA[inconsistent bug]]>
  </system-out>
  <testcase classname="testngFlags.invocationCountFlag" name="login" time="0.000"/>
  <system-out>
    <![CDATA[inconsistent bug]]>
  </system-out>
  <testcase classname="testngFlags.invocationCountFlag" name="login" time="0.001"/>
  <system-out>
    <![CDATA[inconsistent bug]]>
  </system-out>
  <testcase classname="testngFlags.invocationCountFlag" name="login" time="0.002"/>
  <system-out>
    <![CDATA[inconsistent bug]]>
  </system-out>
  <testcase classname="testngFlags.invocationCountFlag" name="login" time="0.001"/>
  <system-out>
    <![CDATA[inconsistent bug]]>
  </system-out>
  <testcase classname="testngFlags.invocationCountFlag" name="login" time="0.001"/>
  <system-out>
    <![CDATA[inconsistent bug]]>
  </system-out>
  <testcase classname="testngFlags.invocationCountFlag" name="login" time="0.001"/>
  <system-out>
    <![CDATA[inconsistent bug]]>
  </system-out>
  <testcase classname="testngFlags.invocationCountFlag" name="login" time="0.001"/>
  <system-out>
    <![CDATA[inconsistent bug]]>
  </system-out>
  <testcase classname="testngFlags.invocationCountFlag" name="login" time="0.004"/>
  <system-out>
    <![CDATA[inconsistent bug]]>
  </system-out>
  <testcase classname="testngFlags.invocationCountFlag" name="login" time="0.001"/>
  <system-out>
    <![CDATA[inconsistent bug]]>
  </system-out>
  <testcase classname="testngFlags.invocationCountFlag" name="login" time="0.001"/>
  <system-out>
    <![CDATA[inconsistent bug]]>
  </system-out>
  <testcase classname="testngFlags.invocationCountFlag" name="login" time="0.000"/>
  <system-out>
    <![CDATA[inconsistent bug]]>
  </system-out>
  <testcase classname="testngFlags.invocationCountFlag" name="login" time="0.000"/>
  <system-out>
    <![CDATA[inconsistent bug]]>
  </system-out>
  <testcase classname="testngFlags.invocationCountFlag" name="login" time="0.001"/>
  <system-out>
    <![CDATA[inconsistent bug]]>
  </system-out>
  <testcase classname="testngFlags.invocationCountFlag" name="login" time="0.000"/>
  <system-out>
    <![CDATA[inconsistent bug]]>
  </system-out>
  <testcase classname="testngFlags.invocationCountFlag" name="login" time="0.001"/>
  <system-out>
    <![CDATA[inconsistent bug]]>
  </system-out>
  <testcase classname="testngFlags.invocationCountFlag" name="login" time="0.000"/>
  <system-out>
    <![CDATA[inconsistent bug]]>
  </system-out>
  <testcase classname="testngFlags.invocationCountFlag" name="login" time="0.001"/>
  <system-out>
    <![CDATA[inconsistent bug]]>
  </system-out>
  <testcase classname="testngFlags.invocationCountFlag" name="login" time="0.001"/>
  <system-out>
    <![CDATA[inconsistent bug]]>
  </system-out>
  <testcase classname="testngFlags.invocationCountFlag" name="login" time="0.000"/>
  <system-out>
    <![CDATA[inconsistent bug]]>
  </system-out>
  <testcase classname="testngFlags.invocationCountFlag" name="login" time="0.000"/>
  <system-out>
    <![CDATA[inconsistent bug]]>
  </system-out>
  <testcase classname="testngFlags.invocationCountFlag" name="login" time="0.000"/>
  <system-out>
    <![CDATA[inconsistent bug]]>
  </system-out>
  <testcase classname="testngFlags.invocationCountFlag" name="login" time="0.000"/>
  <system-out>
    <![CDATA[inconsistent bug]]>
  </system-out>
  <testcase classname="testngFlags.invocationCountFlag" name="login" time="0.000"/>
  <system-out>
    <![CDATA[inconsistent bug]]>
  </system-out>
  <testcase classname="testngFlags.invocationCountFlag" name="login" time="0.001"/>
  <system-out>
    <![CDATA[inconsistent bug]]>
  </system-out>
  <testcase classname="testngFlags.invocationCountFlag" name="login" time="0.000"/>
  <system-out>
    <![CDATA[inconsistent bug]]>
  </system-out>
  <testcase classname="testngFlags.invocationCountFlag" name="login" time="0.002"/>
  <system-out>
    <![CDATA[inconsistent bug]]>
  </system-out>
  <testcase classname="testngFlags.invocationCountFlag" name="login" time="0.000"/>
  <system-out>
    <![CDATA[inconsistent bug]]>
  </system-out>
  <testcase classname="testngFlags.invocationCountFlag" name="login" time="0.001"/>
  <system-out>
    <![CDATA[inconsistent bug]]>
  </system-out>
  <testcase classname="testngFlags.invocationCountFlag" name="login" time="0.001"/>
  <system-out>
    <![CDATA[inconsistent bug]]>
  </system-out>
  <testcase classname="testngFlags.invocationCountFlag" name="login" time="0.004"/>
  <system-out>
    <![CDATA[inconsistent bug]]>
  </system-out>
  <testcase classname="testngFlags.invocationCountFlag" name="login" time="0.000"/>
  <system-out>
    <![CDATA[inconsistent bug]]>
  </system-out>
  <testcase classname="testngFlags.invocationCountFlag" name="login" time="0.000"/>
  <system-out>
    <![CDATA[inconsistent bug]]>
  </system-out>
  <testcase classname="testngFlags.invocationCountFlag" name="login" time="0.001"/>
  <system-out>
    <![CDATA[inconsistent bug]]>
  </system-out>
  <testcase classname="testngFlags.invocationCountFlag" name="login" time="0.001"/>
  <system-out>
    <![CDATA[inconsistent bug]]>
  </system-out>
  <testcase classname="testngFlags.invocationCountFlag" name="login" time="0.004"/>
  <system-out>
    <![CDATA[inconsistent bug]]>
  </system-out>
  <testcase classname="testngFlags.invocationCountFlag" name="login" time="0.000"/>
  <system-out>
    <![CDATA[inconsistent bug]]>
  </system-out>
  <testcase classname="testngFlags.invocationCountFlag" name="login" time="0.000"/>
  <system-out>
    <![CDATA[inconsistent bug]]>
  </system-out>
  <testcase classname="testngFlags.invocationCountFlag" name="login" time="0.003"/>
  <system-out>
    <![CDATA[inconsistent bug]]>
  </system-out>
  <testcase classname="testngFlags.invocationCountFlag" name="login" time="0.001"/>
  <system-out>
    <![CDATA[inconsistent bug]]>
  </system-out>
  <testcase classname="testngFlags.invocationCountFlag" name="login" time="0.000"/>
  <system-out>
    <![CDATA[inconsistent bug]]>
  </system-out>
  <testcase classname="testngFlags.invocationCountFlag" name="login" time="0.000"/>
  <system-out>
    <![CDATA[inconsistent bug]]>
  </system-out>
  <testcase classname="testngFlags.invocationCountFlag" name="login" time="0.001"/>
  <system-out>
    <![CDATA[inconsistent bug]]>
  </system-out>
  <testcase classname="testngFlags.invocationCountFlag" name="login" time="0.001"/>
  <system-out>
    <![CDATA[inconsistent bug]]>
  </system-out>
  <testcase classname="testngFlags.invocationCountFlag" name="login" time="0.001"/>
  <system-out>
    <![CDATA[inconsistent bug]]>
  </system-out>
  <testcase classname="testngFlags.invocationCountFlag" name="login" time="0.001"/>
  <system-out>
    <![CDATA[inconsistent bug]]>
  </system-out>
  <testcase classname="testngFlags.invocationCountFlag" name="login" time="0.000"/>
  <system-out>
    <![CDATA[inconsistent bug]]>
  </system-out>
  <testcase classname="testngFlags.invocationCountFlag" name="login" time="0.000"/>
  <system-out>
    <![CDATA[inconsistent bug]]>
  </system-out>
  <testcase classname="testngFlags.invocationCountFlag" name="login" time="0.001"/>
  <system-out>
    <![CDATA[inconsistent bug]]>
  </system-out>
  <testcase classname="testngFlags.invocationCountFlag" name="login" time="0.000"/>
  <system-out>
    <![CDATA[inconsistent bug]]>
  </system-out>
  <testcase classname="testngFlags.invocationCountFlag" name="login" time="0.001"/>
  <system-out>
    <![CDATA[inconsistent bug]]>
  </system-out>
  <testcase classname="testngFlags.invocationCountFlag" name="login" time="0.001"/>
  <system-out>
    <![CDATA[inconsistent bug]]>
  </system-out>
  <testcase classname="testngFlags.invocationCountFlag" name="login" time="0.003"/>
  <system-out>
    <![CDATA[inconsistent bug]]>
  </system-out>
  <testcase classname="testngFlags.invocationCountFlag" name="login" time="0.001"/>
  <system-out>
    <![CDATA[inconsistent bug]]>
  </system-out>
  <testcase classname="testngFlags.invocationCountFlag" name="login" time="0.000"/>
  <system-out>
    <![CDATA[inconsistent bug]]>
  </system-out>
  <testcase classname="testngFlags.invocationCountFlag" name="login" time="0.001"/>
  <system-out>
    <![CDATA[inconsistent bug]]>
  </system-out>
  <testcase classname="testngFlags.invocationCountFlag" name="login" time="0.000"/>
  <system-out>
    <![CDATA[inconsistent bug]]>
  </system-out>
  <testcase classname="testngFlags.invocationCountFlag" name="login" time="0.001"/>
  <system-out>
    <![CDATA[inconsistent bug]]>
  </system-out>
  <testcase classname="testngFlags.invocationCountFlag" name="login" time="0.001"/>
  <system-out>
    <![CDATA[inconsistent bug]]>
  </system-out>
  <testcase classname="testngFlags.invocationCountFlag" name="login" time="0.001"/>
  <system-out>
    <![CDATA[inconsistent bug]]>
  </system-out>
  <testcase classname="testngFlags.invocationCountFlag" name="login" time="0.000"/>
  <system-out>
    <![CDATA[inconsistent bug]]>
  </system-out>
  <testcase classname="testngFlags.invocationCountFlag" name="login" time="0.000"/>
  <system-out>
    <![CDATA[inconsistent bug]]>
  </system-out>
  <testcase classname="testngFlags.invocationCountFlag" name="login" time="0.000"/>
  <system-out>
    <![CDATA[inconsistent bug]]>
  </system-out>
  <testcase classname="testngFlags.invocationCountFlag" name="login" time="0.001"/>
  <system-out>
    <![CDATA[inconsistent bug]]>
  </system-out>
  <testcase classname="testngFlags.invocationCountFlag" name="login" time="0.001"/>
  <system-out>
    <![CDATA[inconsistent bug]]>
  </system-out>
  <testcase classname="testngFlags.invocationCountFlag" name="login" time="0.000"/>
  <system-out>
    <![CDATA[inconsistent bug]]>
  </system-out>
  <testcase classname="testngFlags.invocationCountFlag" name="login" time="0.001"/>
  <system-out>
    <![CDATA[inconsistent bug]]>
  </system-out>
  <testcase classname="testngFlags.invocationCountFlag" name="login" time="0.001"/>
  <system-out>
    <![CDATA[inconsistent bug]]>
  </system-out>
  <testcase classname="testngFlags.invocationCountFlag" name="login" time="0.001"/>
  <system-out>
    <![CDATA[inconsistent bug]]>
  </system-out>
  <testcase classname="testngFlags.invocationCountFlag" name="login" time="0.001"/>
  <system-out>
    <![CDATA[inconsistent bug]]>
  </system-out>
  <testcase classname="testngFlags.invocationCountFlag" name="login" time="0.000"/>
  <system-out>
    <![CDATA[inconsistent bug]]>
  </system-out>
  <testcase classname="testngFlags.invocationCountFlag" name="login" time="0.001"/>
  <system-out>
    <![CDATA[inconsistent bug]]>
  </system-out>
  <testcase classname="testngFlags.invocationCountFlag" name="login" time="0.001"/>
  <system-out>
    <![CDATA[inconsistent bug]]>
  </system-out>
  <testcase classname="testngFlags.invocationCountFlag" name="login" time="0.000"/>
  <system-out>
    <![CDATA[inconsistent bug]]>
  </system-out>
  <testcase classname="testngFlags.invocationCountFlag" name="login" time="0.000"/>
  <system-out>
    <![CDATA[inconsistent bug]]>
  </system-out>
  <testcase classname="testngFlags.invocationCountFlag" name="login" time="0.000"/>
  <system-out>
    <![CDATA[inconsistent bug]]>
  </system-out>
  <testcase classname="testngFlags.invocationCountFlag" name="login" time="0.000"/>
  <system-out>
    <![CDATA[inconsistent bug]]>
  </system-out>
  <testcase classname="testngFlags.invocationCountFlag" name="login" time="0.000"/>
  <system-out>
    <![CDATA[inconsistent bug]]>
  </system-out>
  <testcase classname="testngFlags.invocationCountFlag" name="login" time="0.002"/>
  <system-out>
    <![CDATA[inconsistent bug]]>
  </system-out>
  <testcase classname="testngFlags.invocationCountFlag" name="login" time="0.001"/>
  <system-out>
    <![CDATA[inconsistent bug]]>
  </system-out>
  <testcase classname="testngFlags.invocationCountFlag" name="login" time="0.000"/>
  <system-out>
    <![CDATA[inconsistent bug]]>
  </system-out>
  <testcase classname="testngFlags.invocationCountFlag" name="login" time="0.000"/>
  <system-out>
    <![CDATA[inconsistent bug]]>
  </system-out>
  <testcase classname="testngFlags.invocationCountFlag" name="login" time="0.001"/>
  <system-out>
    <![CDATA[inconsistent bug]]>
  </system-out>
  <testcase classname="testngFlags.invocationCountFlag" name="login" time="0.000"/>
  <system-out>
    <![CDATA[inconsistent bug]]>
  </system-out>
  <testcase classname="testngFlags.invocationCountFlag" name="login" time="0.001"/>
  <system-out>
    <![CDATA[inconsistent bug]]>
  </system-out>
  <testcase classname="testngFlags.invocationCountFlag" name="login" time="0.000"/>
  <system-out>
    <![CDATA[inconsistent bug]]>
  </system-out>
  <testcase classname="testngFlags.invocationCountFlag" name="login" time="0.001"/>
  <system-out>
    <![CDATA[inconsistent bug]]>
  </system-out>
  <testcase classname="testngFlags.invocationCountFlag" name="login" time="0.000"/>
  <system-out>
    <![CDATA[inconsistent bug]]>
  </system-out>
  <testcase classname="testngFlags.invocationCountFlag" name="login" time="0.000"/>
  <system-out>
    <![CDATA[inconsistent bug]]>
  </system-out>
  <testcase classname="testngFlags.invocationCountFlag" name="login" time="0.001"/>
  <system-out>
    <![CDATA[inconsistent bug]]>
  </system-out>
  <testcase classname="testngFlags.invocationCountFlag" name="login" time="0.001"/>
  <system-out>
    <![CDATA[inconsistent bug]]>
  </system-out>
  <testcase classname="testngFlags.invocationCountFlag" name="login" time="0.001"/>
  <system-out>
    <![CDATA[inconsistent bug]]>
  </system-out>
  <testcase classname="testngFlags.invocationCountFlag" name="login" time="0.000"/>
  <system-out>
    <![CDATA[inconsistent bug]]>
  </system-out>
  <testcase classname="testngFlags.invocationCountFlag" name="login" time="0.000"/>
  <system-out>
    <![CDATA[inconsistent bug]]>
  </system-out>
  <testcase classname="testngFlags.invocationCountFlag" name="login" time="0.000"/>
  <system-out>
    <![CDATA[inconsistent bug]]>
  </system-out>
  <testcase classname="testngFlags.invocationCountFlag" name="login" time="0.001"/>
  <system-out>
    <![CDATA[inconsistent bug]]>
  </system-out>
  <testcase classname="testngFlags.invocationCountFlag" name="login" time="0.001"/>
  <system-out>
    <![CDATA[inconsistent bug]]>
  </system-out>
  <testcase classname="testngFlags.invocationCountFlag" name="login" time="0.000"/>
  <system-out>
    <![CDATA[inconsistent bug]]>
  </system-out>
  <testcase classname="testngFlags.invocationCountFlag" name="login" time="0.000"/>
  <system-out>
    <![CDATA[inconsistent bug]]>
  </system-out>
  <testcase classname="testngFlags.invocationCountFlag" name="login" time="0.001"/>
  <system-out>
    <![CDATA[inconsistent bug]]>
  </system-out>
  <testcase classname="testngFlags.invocationCountFlag" name="login" time="0.009"/>
  <system-out>
    <![CDATA[inconsistent bug]]>
  </system-out>
  <testcase classname="testngFlags.invocationCountFlag" name="login" time="0.002"/>
  <system-out>
    <![CDATA[inconsistent bug]]>
  </system-out>
  <testcase classname="testngFlags.invocationCountFlag" name="login" time="0.000"/>
  <system-out>
    <![CDATA[inconsistent bug]]>
  </system-out>
  <testcase classname="testngFlags.invocationCountFlag" name="login" time="0.000"/>
  <system-out>
    <![CDATA[inconsistent bug]]>
  </system-out>
  <testcase classname="testngFlags.invocationCountFlag" name="login" time="0.004"/>
  <system-out>
    <![CDATA[inconsistent bug]]>
  </system-out>
  <testcase classname="testngFlags.invocationCountFlag" name="login" time="0.001"/>
  <system-out>
    <![CDATA[inconsistent bug]]>
  </system-out>
  <testcase classname="testngFlags.invocationCountFlag" name="login" time="0.001"/>
  <system-out>
    <![CDATA[inconsistent bug]]>
  </system-out>
  <testcase classname="testngFlags.invocationCountFlag" name="login" time="0.000"/>
  <system-out>
    <![CDATA[inconsistent bug]]>
  </system-out>
  <testcase classname="testngFlags.invocationCountFlag" name="login" time="0.000"/>
  <system-out>
    <![CDATA[inconsistent bug]]>
  </system-out>
  <testcase classname="testngFlags.invocationCountFlag" name="login" time="0.001"/>
  <system-out>
    <![CDATA[inconsistent bug]]>
  </system-out>
  <testcase classname="testngFlags.invocationCountFlag" name="login" time="0.000"/>
  <system-out>
    <![CDATA[inconsistent bug]]>
  </system-out>
  <testcase classname="testngFlags.invocationCountFlag" name="login" time="0.000"/>
  <system-out>
    <![CDATA[inconsistent bug]]>
  </system-out>
  <testcase classname="testngFlags.invocationCountFlag" name="login" time="0.001"/>
  <system-out>
    <![CDATA[inconsistent bug]]>
  </system-out>
  <testcase classname="testngFlags.invocationCountFlag" name="login" time="0.000"/>
  <system-out>
    <![CDATA[inconsistent bug]]>
  </system-out>
  <testcase classname="testngFlags.invocationCountFlag" name="login" time="0.002"/>
  <system-out>
    <![CDATA[inconsistent bug]]>
  </system-out>
  <testcase classname="testngFlags.invocationCountFlag" name="login" time="0.002"/>
  <system-out>
    <![CDATA[inconsistent bug]]>
  </system-out>
  <testcase classname="testngFlags.invocationCountFlag" name="login" time="0.002"/>
  <system-out>
    <![CDATA[inconsistent bug]]>
  </system-out>
  <testcase classname="testngFlags.invocationCountFlag" name="login" time="0.000"/>
  <system-out>
    <![CDATA[inconsistent bug]]>
  </system-out>
  <testcase classname="testngFlags.invocationCountFlag" name="login" time="0.000"/>
  <system-out>
    <![CDATA[inconsistent bug]]>
  </system-out>
  <testcase classname="testngFlags.invocationCountFlag" name="login" time="0.000"/>
  <system-out>
    <![CDATA[inconsistent bug]]>
  </system-out>
  <testcase classname="testngFlags.invocationCountFlag" name="login" time="0.001"/>
  <system-out>
    <![CDATA[inconsistent bug]]>
  </system-out>
  <testcase classname="testngFlags.invocationCountFlag" name="login" time="0.000"/>
  <system-out>
    <![CDATA[inconsistent bug]]>
  </system-out>
  <testcase classname="testngFlags.invocationCountFlag" name="login" time="0.002"/>
  <system-out>
    <![CDATA[inconsistent bug]]>
  </system-out>
  <testcase classname="testngFlags.invocationCountFlag" name="login" time="0.001"/>
  <system-out>
    <![CDATA[inconsistent bug]]>
  </system-out>
  <testcase classname="testngFlags.invocationCountFlag" name="login" time="0.001"/>
  <system-out>
    <![CDATA[inconsistent bug]]>
  </system-out>
  <testcase classname="testngFlags.invocationCountFlag" name="login" time="0.000"/>
  <system-out>
    <![CDATA[inconsistent bug]]>
  </system-out>
  <testcase classname="testngFlags.invocationCountFlag" name="login" time="0.000"/>
  <system-out>
    <![CDATA[inconsistent bug]]>
  </system-out>
  <testcase classname="testngFlags.invocationCountFlag" name="login" time="0.001"/>
  <system-out>
    <![CDATA[inconsistent bug]]>
  </system-out>
  <testcase classname="testngFlags.invocationCountFlag" name="login" time="0.000"/>
  <system-out>
    <![CDATA[inconsistent bug]]>
  </system-out>
  <testcase classname="testngFlags.invocationCountFlag" name="login" time="0.001"/>
  <system-out>
    <![CDATA[inconsistent bug]]>
  </system-out>
  <testcase classname="testngFlags.invocationCountFlag" name="login" time="0.000"/>
  <system-out>
    <![CDATA[inconsistent bug]]>
  </system-out>
  <testcase classname="testngFlags.invocationCountFlag" name="login" time="0.001"/>
  <system-out>
    <![CDATA[inconsistent bug]]>
  </system-out>
  <testcase classname="testngFlags.invocationCountFlag" name="login" time="0.000"/>
  <system-out>
    <![CDATA[inconsistent bug]]>
  </system-out>
  <testcase classname="testngFlags.invocationCountFlag" name="login" time="0.001"/>
  <system-out>
    <![CDATA[inconsistent bug]]>
  </system-out>
  <testcase classname="testngFlags.invocationCountFlag" name="login" time="0.001"/>
  <system-out>
    <![CDATA[inconsistent bug]]>
  </system-out>
  <testcase classname="testngFlags.invocationCountFlag" name="login" time="0.000"/>
  <system-out>
    <![CDATA[inconsistent bug]]>
  </system-out>
  <testcase classname="testngFlags.invocationCountFlag" name="login" time="0.001"/>
  <system-out>
    <![CDATA[inconsistent bug]]>
  </system-out>
  <testcase classname="testngFlags.invocationCountFlag" name="login" time="0.001"/>
  <system-out>
    <![CDATA[inconsistent bug]]>
  </system-out>
  <testcase classname="testngFlags.invocationCountFlag" name="login" time="0.000"/>
  <system-out>
    <![CDATA[inconsistent bug]]>
  </system-out>
  <testcase classname="testngFlags.invocationCountFlag" name="login" time="0.001"/>
  <system-out>
    <![CDATA[inconsistent bug]]>
  </system-out>
  <testcase classname="testngFlags.invocationCountFlag" name="login" time="0.001"/>
  <system-out>
    <![CDATA[inconsistent bug]]>
  </system-out>
  <testcase classname="testngFlags.invocationCountFlag" name="login" time="0.000"/>
  <system-out>
    <![CDATA[inconsistent bug]]>
  </system-out>
  <testcase classname="testngFlags.invocationCountFlag" name="login" time="0.000"/>
  <system-out>
    <![CDATA[inconsistent bug]]>
  </system-out>
  <testcase classname="testngFlags.invocationCountFlag" name="login" time="0.001"/>
  <system-out>
    <![CDATA[inconsistent bug]]>
  </system-out>
  <testcase classname="testngFlags.invocationCountFlag" name="login" time="0.000"/>
  <system-out>
    <![CDATA[inconsistent bug]]>
  </system-out>
  <testcase classname="testngFlags.invocationCountFlag" name="login" time="0.000"/>
  <system-out>
    <![CDATA[inconsistent bug]]>
  </system-out>
  <testcase classname="testngFlags.invocationCountFlag" name="login" time="0.001"/>
  <system-out>
    <![CDATA[inconsistent bug]]>
  </system-out>
  <testcase classname="testngFlags.invocationCountFlag" name="login" time="0.000"/>
  <system-out>
    <![CDATA[inconsistent bug]]>
  </system-out>
  <testcase classname="testngFlags.invocationCountFlag" name="login" time="0.001"/>
  <system-out>
    <![CDATA[inconsistent bug]]>
  </system-out>
  <testcase classname="testngFlags.invocationCountFlag" name="login" time="0.000"/>
  <system-out>
    <![CDATA[inconsistent bug]]>
  </system-out>
  <testcase classname="testngFlags.invocationCountFlag" name="login" time="0.000"/>
  <system-out>
    <![CDATA[inconsistent bug]]>
  </system-out>
  <testcase classname="testngFlags.invocationCountFlag" name="login" time="0.000"/>
  <system-out>
    <![CDATA[inconsistent bug]]>
  </system-out>
  <testcase classname="testngFlags.invocationCountFlag" name="login" time="0.000"/>
  <system-out>
    <![CDATA[inconsistent bug]]>
  </system-out>
  <testcase classname="testngFlags.invocationCountFlag" name="login" time="0.001"/>
  <system-out>
    <![CDATA[inconsistent bug]]>
  </system-out>
  <testcase classname="testngFlags.invocationCountFlag" name="login" time="0.001"/>
  <system-out>
    <![CDATA[inconsistent bug]]>
  </system-out>
  <testcase classname="testngFlags.invocationCountFlag" name="login" time="0.001"/>
  <system-out>
    <![CDATA[inconsistent bug]]>
  </system-out>
  <testcase classname="testngFlags.invocationCountFlag" name="login" time="0.000"/>
  <system-out>
    <![CDATA[inconsistent bug]]>
  </system-out>
  <testcase classname="testngFlags.invocationCountFlag" name="login" time="0.001"/>
  <system-out>
    <![CDATA[inconsistent bug]]>
  </system-out>
  <testcase classname="testngFlags.invocationCountFlag" name="login" time="0.001"/>
  <system-out>
    <![CDATA[inconsistent bug]]>
  </system-out>
  <testcase classname="testngFlags.invocationCountFlag" name="login" time="0.001"/>
  <system-out>
    <![CDATA[inconsistent bug]]>
  </system-out>
  <testcase classname="testngFlags.invocationCountFlag" name="login" time="0.000"/>
  <system-out>
    <![CDATA[inconsistent bug]]>
  </system-out>
  <testcase classname="testngFlags.invocationCountFlag" name="login" time="0.001"/>
  <system-out>
    <![CDATA[inconsistent bug]]>
  </system-out>
  <testcase classname="testngFlags.invocationCountFlag" name="login" time="0.001"/>
  <system-out>
    <![CDATA[inconsistent bug]]>
  </system-out>
  <testcase classname="testngFlags.invocationCountFlag" name="login" time="0.001"/>
  <system-out>
    <![CDATA[inconsistent bug]]>
  </system-out>
  <testcase classname="testngFlags.invocationCountFlag" name="login" time="0.001"/>
  <system-out>
    <![CDATA[inconsistent bug]]>
  </system-out>
  <testcase classname="testngFlags.invocationCountFlag" name="login" time="0.000"/>
  <system-out>
    <![CDATA[inconsistent bug]]>
  </system-out>
  <testcase classname="testngFlags.invocationCountFlag" name="login" time="0.000"/>
  <system-out>
    <![CDATA[inconsistent bug]]>
  </system-out>
  <testcase classname="testngFlags.invocationCountFlag" name="login" time="0.002"/>
  <system-out>
    <![CDATA[inconsistent bug]]>
  </system-out>
  <testcase classname="testngFlags.invocationCountFlag" name="login" time="0.001"/>
  <system-out>
    <![CDATA[inconsistent bug]]>
  </system-out>
  <testcase classname="testngFlags.invocationCountFlag" name="login" time="0.000"/>
  <system-out>
    <![CDATA[inconsistent bug]]>
  </system-out>
  <testcase classname="testngFlags.invocationCountFlag" name="login" time="0.000"/>
  <system-out>
    <![CDATA[inconsistent bug]]>
  </system-out>
  <testcase classname="testngFlags.invocationCountFlag" name="login" time="0.001"/>
  <system-out>
    <![CDATA[inconsistent bug]]>
  </system-out>
  <testcase classname="testngFlags.invocationCountFlag" name="login" time="0.001"/>
  <system-out>
    <![CDATA[inconsistent bug]]>
  </system-out>
  <testcase classname="testngFlags.invocationCountFlag" name="login" time="0.001"/>
  <system-out>
    <![CDATA[inconsistent bug]]>
  </system-out>
  <testcase classname="testngFlags.invocationCountFlag" name="login" time="0.001"/>
  <system-out>
    <![CDATA[inconsistent bug]]>
  </system-out>
  <testcase classname="testngFlags.invocationCountFlag" name="login" time="0.002"/>
  <system-out>
    <![CDATA[inconsistent bug]]>
  </system-out>
  <testcase classname="testngFlags.invocationCountFlag" name="login" time="0.001"/>
  <system-out>
    <![CDATA[inconsistent bug]]>
  </system-out>
  <testcase classname="testngFlags.invocationCountFlag" name="login" time="0.000"/>
  <system-out>
    <![CDATA[inconsistent bug]]>
  </system-out>
  <testcase classname="testngFlags.invocationCountFlag" name="login" time="0.001"/>
  <system-out>
    <![CDATA[inconsistent bug]]>
  </system-out>
  <testcase classname="testngFlags.invocationCountFlag" name="login" time="0.007"/>
  <system-out>
    <![CDATA[inconsistent bug]]>
  </system-out>
  <testcase classname="testngFlags.invocationCountFlag" name="login" time="0.001"/>
  <system-out>
    <![CDATA[inconsistent bug]]>
  </system-out>
  <testcase classname="testngFlags.invocationCountFlag" name="login" time="0.000"/>
  <system-out>
    <![CDATA[inconsistent bug]]>
  </system-out>
  <testcase classname="testngFlags.invocationCountFlag" name="login" time="0.001"/>
  <system-out>
    <![CDATA[inconsistent bug]]>
  </system-out>
  <testcase classname="testngFlags.invocationCountFlag" name="login" time="0.001"/>
  <system-out>
    <![CDATA[inconsistent bug]]>
  </system-out>
  <testcase classname="testngFlags.invocationCountFlag" name="login" time="0.001"/>
  <system-out>
    <![CDATA[inconsistent bug]]>
  </system-out>
  <testcase classname="testngFlags.invocationCountFlag" name="login" time="0.000"/>
  <system-out>
    <![CDATA[inconsistent bug]]>
  </system-out>
  <testcase classname="testngFlags.invocationCountFlag" name="login" time="0.002"/>
  <system-out>
    <![CDATA[inconsistent bug]]>
  </system-out>
  <testcase classname="testngFlags.invocationCountFlag" name="login" time="0.002"/>
  <system-out>
    <![CDATA[inconsistent bug]]>
  </system-out>
  <testcase classname="testngFlags.invocationCountFlag" name="login" time="0.000"/>
  <system-out>
    <![CDATA[inconsistent bug]]>
  </system-out>
  <testcase classname="testngFlags.invocationCountFlag" name="login" time="0.001"/>
  <system-out>
    <![CDATA[inconsistent bug]]>
  </system-out>
  <testcase classname="testngFlags.invocationCountFlag" name="login" time="0.000"/>
  <system-out>
    <![CDATA[inconsistent bug]]>
  </system-out>
  <testcase classname="testngFlags.invocationCountFlag" name="login" time="0.000"/>
  <system-out>
    <![CDATA[inconsistent bug]]>
  </system-out>
  <testcase classname="testngFlags.invocationCountFlag" name="login" time="0.000"/>
  <system-out>
    <![CDATA[inconsistent bug]]>
  </system-out>
  <testcase classname="testngFlags.invocationCountFlag" name="login" time="0.001"/>
  <system-out>
    <![CDATA[inconsistent bug]]>
  </system-out>
  <testcase classname="testngFlags.invocationCountFlag" name="login" time="0.001"/>
  <system-out>
    <![CDATA[inconsistent bug]]>
  </system-out>
  <testcase classname="testngFlags.invocationCountFlag" name="login" time="0.001"/>
  <system-out>
    <![CDATA[inconsistent bug]]>
  </system-out>
  <testcase classname="testngFlags.invocationCountFlag" name="login" time="0.000"/>
  <system-out>
    <![CDATA[inconsistent bug]]>
  </system-out>
  <testcase classname="testngFlags.invocationCountFlag" name="login" time="0.000"/>
  <system-out>
    <![CDATA[inconsistent bug]]>
  </system-out>
  <testcase classname="testngFlags.invocationCountFlag" name="login" time="0.001"/>
  <system-out>
    <![CDATA[inconsistent bug]]>
  </system-out>
  <testcase classname="testngFlags.invocationCountFlag" name="login" time="0.001"/>
  <system-out>
    <![CDATA[inconsistent bug]]>
  </system-out>
  <testcase classname="testngFlags.invocationCountFlag" name="login" time="0.000"/>
  <system-out>
    <![CDATA[inconsistent bug]]>
  </system-out>
  <testcase classname="testngFlags.invocationCountFlag" name="login" time="0.001"/>
  <system-out>
    <![CDATA[inconsistent bug]]>
  </system-out>
  <testcase classname="testngFlags.invocationCountFlag" name="login" time="0.000"/>
  <system-out>
    <![CDATA[inconsistent bug]]>
  </system-out>
  <testcase classname="testngFlags.invocationCountFlag" name="login" time="0.000"/>
  <system-out>
    <![CDATA[inconsistent bug]]>
  </system-out>
  <testcase classname="testngFlags.invocationCountFlag" name="login" time="0.001"/>
  <system-out>
    <![CDATA[inconsistent bug]]>
  </system-out>
  <testcase classname="testngFlags.invocationCountFlag" name="login" time="0.001"/>
  <system-out>
    <![CDATA[inconsistent bug]]>
  </system-out>
  <testcase classname="testngFlags.invocationCountFlag" name="login" time="0.001"/>
  <system-out>
    <![CDATA[inconsistent bug]]>
  </system-out>
  <testcase classname="testngFlags.invocationCountFlag" name="login" time="0.000"/>
  <system-out>
    <![CDATA[inconsistent bug]]>
  </system-out>
  <testcase classname="testngFlags.invocationCountFlag" name="login" time="0.000"/>
  <system-out>
    <![CDATA[inconsistent bug]]>
  </system-out>
  <testcase classname="testngFlags.invocationCountFlag" name="login" time="0.001"/>
  <system-out>
    <![CDATA[inconsistent bug]]>
  </system-out>
  <testcase classname="testngFlags.invocationCountFlag" name="login" time="0.001"/>
  <system-out>
    <![CDATA[inconsistent bug]]>
  </system-out>
  <testcase classname="testngFlags.invocationCountFlag" name="login" time="0.002"/>
  <system-out>
    <![CDATA[inconsistent bug]]>
  </system-out>
  <testcase classname="testngFlags.invocationCountFlag" name="login" time="0.002"/>
  <system-out>
    <![CDATA[inconsistent bug]]>
  </system-out>
  <testcase classname="testngFlags.invocationCountFlag" name="login" time="0.003"/>
  <system-out>
    <![CDATA[inconsistent bug]]>
  </system-out>
  <testcase classname="testngFlags.invocationCountFlag" name="login" time="0.000"/>
  <system-out>
    <![CDATA[inconsistent bug]]>
  </system-out>
  <testcase classname="testngFlags.invocationCountFlag" name="login" time="0.001"/>
  <system-out>
    <![CDATA[inconsistent bug]]>
  </system-out>
  <testcase classname="testngFlags.invocationCountFlag" name="login" time="0.005"/>
  <system-out>
    <![CDATA[inconsistent bug]]>
  </system-out>
  <testcase classname="testngFlags.invocationCountFlag" name="login" time="0.001"/>
  <system-out>
    <![CDATA[inconsistent bug]]>
  </system-out>
  <testcase classname="testngFlags.invocationCountFlag" name="login" time="0.001"/>
  <system-out>
    <![CDATA[inconsistent bug]]>
  </system-out>
  <testcase classname="testngFlags.invocationCountFlag" name="login" time="0.000"/>
  <system-out>
    <![CDATA[inconsistent bug]]>
  </system-out>
  <testcase classname="testngFlags.invocationCountFlag" name="login" time="0.001"/>
  <system-out>
    <![CDATA[inconsistent bug]]>
  </system-out>
  <testcase classname="testngFlags.invocationCountFlag" name="login" time="0.001"/>
  <system-out>
    <![CDATA[inconsistent bug]]>
  </system-out>
  <testcase classname="testngFlags.invocationCountFlag" name="login" time="0.001"/>
  <system-out>
    <![CDATA[inconsistent bug]]>
  </system-out>
  <testcase classname="testngFlags.invocationCountFlag" name="login" time="0.001"/>
  <system-out>
    <![CDATA[inconsistent bug]]>
  </system-out>
  <testcase classname="testngFlags.invocationCountFlag" name="login" time="0.000"/>
  <system-out>
    <![CDATA[inconsistent bug]]>
  </system-out>
  <testcase classname="testngFlags.invocationCountFlag" name="login" time="0.001"/>
  <system-out>
    <![CDATA[inconsistent bug]]>
  </system-out>
  <testcase classname="testngFlags.invocationCountFlag" name="login" time="0.000"/>
  <system-out>
    <![CDATA[inconsistent bug]]>
  </system-out>
  <testcase classname="testngFlags.invocationCountFlag" name="login" time="0.000"/>
  <system-out>
    <![CDATA[inconsistent bug]]>
  </system-out>
  <testcase classname="testngFlags.invocationCountFlag" name="login" time="0.001"/>
  <system-out>
    <![CDATA[inconsistent bug]]>
  </system-out>
  <testcase classname="testngFlags.invocationCountFlag" name="login" time="0.000"/>
  <system-out>
    <![CDATA[inconsistent bug]]>
  </system-out>
  <testcase classname="testngFlags.invocationCountFlag" name="login" time="0.000"/>
  <system-out>
    <![CDATA[inconsistent bug]]>
  </system-out>
  <testcase classname="testngFlags.invocationCountFlag" name="login" time="0.000"/>
  <system-out>
    <![CDATA[inconsistent bug]]>
  </system-out>
  <testcase classname="testngFlags.invocationCountFlag" name="login" time="0.003"/>
  <system-out>
    <![CDATA[inconsistent bug]]>
  </system-out>
  <testcase classname="testngFlags.invocationCountFlag" name="login" time="0.000"/>
  <system-out>
    <![CDATA[inconsistent bug]]>
  </system-out>
  <testcase classname="testngFlags.invocationCountFlag" name="login" time="0.000"/>
  <system-out>
    <![CDATA[inconsistent bug]]>
  </system-out>
  <testcase classname="testngFlags.invocationCountFlag" name="login" time="0.000"/>
  <system-out>
    <![CDATA[inconsistent bug]]>
  </system-out>
  <testcase classname="testngFlags.invocationCountFlag" name="login" time="0.001"/>
  <system-out>
    <![CDATA[inconsistent bug]]>
  </system-out>
  <testcase classname="testngFlags.invocationCountFlag" name="login" time="0.000"/>
  <system-out>
    <![CDATA[inconsistent bug]]>
  </system-out>
  <testcase classname="testngFlags.invocationCountFlag" name="login" time="0.000"/>
  <system-out>
    <![CDATA[inconsistent bug]]>
  </system-out>
  <testcase classname="testngFlags.invocationCountFlag" name="login" time="0.000"/>
  <system-out>
    <![CDATA[inconsistent bug]]>
  </system-out>
  <testcase classname="testngFlags.invocationCountFlag" name="login" time="0.000"/>
  <system-out>
    <![CDATA[inconsistent bug]]>
  </system-out>
  <testcase classname="testngFlags.invocationCountFlag" name="login" time="0.001"/>
  <system-out>
    <![CDATA[inconsistent bug]]>
  </system-out>
  <testcase classname="testngFlags.invocationCountFlag" name="login" time="0.000"/>
  <system-out>
    <![CDATA[inconsistent bug]]>
  </system-out>
  <testcase classname="testngFlags.invocationCountFlag" name="login" time="0.000"/>
  <system-out>
    <![CDATA[inconsistent bug]]>
  </system-out>
  <testcase classname="testngFlags.invocationCountFlag" name="login" time="0.001"/>
  <system-out>
    <![CDATA[inconsistent bug]]>
  </system-out>
  <testcase classname="testngFlags.invocationCountFlag" name="login" time="0.002"/>
  <system-out>
    <![CDATA[inconsistent bug]]>
  </system-out>
  <testcase classname="testngFlags.invocationCountFlag" name="login" time="0.000"/>
  <system-out>
    <![CDATA[inconsistent bug]]>
  </system-out>
  <testcase classname="testngFlags.invocationCountFlag" name="login" time="0.000"/>
  <system-out>
    <![CDATA[inconsistent bug]]>
  </system-out>
  <testcase classname="testngFlags.invocationCountFlag" name="login" time="0.000"/>
  <system-out>
    <![CDATA[inconsistent bug]]>
  </system-out>
  <testcase classname="testngFlags.invocationCountFlag" name="login" time="0.000"/>
  <system-out>
    <![CDATA[inconsistent bug]]>
  </system-out>
  <testcase classname="testngFlags.invocationCountFlag" name="login" time="0.001"/>
  <system-out>
    <![CDATA[inconsistent bug]]>
  </system-out>
  <testcase classname="testngFlags.invocationCountFlag" name="login" time="0.000"/>
  <system-out>
    <![CDATA[inconsistent bug]]>
  </system-out>
  <testcase classname="testngFlags.invocationCountFlag" name="login" time="0.001"/>
  <system-out>
    <![CDATA[inconsistent bug]]>
  </system-out>
  <testcase classname="testngFlags.invocationCountFlag" name="login" time="0.000"/>
  <system-out>
    <![CDATA[inconsistent bug]]>
  </system-out>
  <testcase classname="testngFlags.invocationCountFlag" name="login" time="0.001"/>
  <system-out>
    <![CDATA[inconsistent bug]]>
  </system-out>
  <testcase classname="testngFlags.invocationCountFlag" name="login" time="0.000"/>
  <system-out>
    <![CDATA[inconsistent bug]]>
  </system-out>
  <testcase classname="testngFlags.invocationCountFlag" name="login" time="0.001"/>
  <system-out>
    <![CDATA[inconsistent bug]]>
  </system-out>
  <testcase classname="testngFlags.invocationCountFlag" name="login" time="0.001"/>
  <system-out>
    <![CDATA[inconsistent bug]]>
  </system-out>
  <testcase classname="testngFlags.invocationCountFlag" name="login" time="0.001"/>
  <system-out>
    <![CDATA[inconsistent bug]]>
  </system-out>
  <testcase classname="testngFlags.invocationCountFlag" name="login" time="0.000"/>
  <system-out>
    <![CDATA[inconsistent bug]]>
  </system-out>
  <testcase classname="testngFlags.invocationCountFlag" name="login" time="0.000"/>
  <system-out>
    <![CDATA[inconsistent bug]]>
  </system-out>
  <testcase classname="testngFlags.invocationCountFlag" name="login" time="0.001"/>
  <system-out>
    <![CDATA[inconsistent bug]]>
  </system-out>
  <testcase classname="testngFlags.invocationCountFlag" name="login" time="0.002"/>
  <system-out>
    <![CDATA[inconsistent bug]]>
  </system-out>
  <testcase classname="testngFlags.invocationCountFlag" name="login" time="0.001"/>
  <system-out>
    <![CDATA[inconsistent bug]]>
  </system-out>
  <testcase classname="testngFlags.invocationCountFlag" name="login" time="0.001"/>
  <system-out>
    <![CDATA[inconsistent bug]]>
  </system-out>
  <testcase classname="testngFlags.invocationCountFlag" name="login" time="0.000"/>
  <system-out>
    <![CDATA[inconsistent bug]]>
  </system-out>
  <testcase classname="testngFlags.invocationCountFlag" name="login" time="0.000"/>
  <system-out>
    <![CDATA[inconsistent bug]]>
  </system-out>
  <testcase classname="testngFlags.invocationCountFlag" name="login" time="0.001"/>
  <system-out>
    <![CDATA[inconsistent bug]]>
  </system-out>
  <testcase classname="testngFlags.invocationCountFlag" name="login" time="0.004"/>
  <system-out>
    <![CDATA[inconsistent bug]]>
  </system-out>
  <testcase classname="testngFlags.invocationCountFlag" name="login" time="0.020"/>
  <system-out>
    <![CDATA[inconsistent bug]]>
  </system-out>
  <testcase classname="testngFlags.invocationCountFlag" name="login" time="0.000"/>
  <system-out>
    <![CDATA[inconsistent bug]]>
  </system-out>
  <testcase classname="testngFlags.invocationCountFlag" name="login" time="0.002"/>
  <system-out>
    <![CDATA[inconsistent bug]]>
  </system-out>
  <testcase classname="testngFlags.invocationCountFlag" name="login" time="0.002"/>
  <system-out>
    <![CDATA[inconsistent bug]]>
  </system-out>
  <testcase classname="testngFlags.invocationCountFlag" name="login" time="0.001"/>
  <system-out>
    <![CDATA[inconsistent bug]]>
  </system-out>
  <testcase classname="testngFlags.invocationCountFlag" name="login" time="0.001"/>
  <system-out>
    <![CDATA[inconsistent bug]]>
  </system-out>
  <testcase classname="testngFlags.invocationCountFlag" name="login" time="0.000"/>
  <system-out>
    <![CDATA[inconsistent bug]]>
  </system-out>
  <testcase classname="testngFlags.invocationCountFlag" name="login" time="0.001"/>
  <system-out>
    <![CDATA[inconsistent bug]]>
  </system-out>
  <testcase classname="testngFlags.invocationCountFlag" name="login" time="0.001"/>
  <system-out>
    <![CDATA[inconsistent bug]]>
  </system-out>
  <testcase classname="testngFlags.invocationCountFlag" name="login" time="0.001"/>
  <system-out>
    <![CDATA[inconsistent bug]]>
  </system-out>
  <testcase classname="testngFlags.invocationCountFlag" name="login" time="0.000"/>
  <system-out>
    <![CDATA[inconsistent bug]]>
  </system-out>
  <testcase classname="testngFlags.invocationCountFlag" name="login" time="0.000"/>
  <system-out>
    <![CDATA[inconsistent bug]]>
  </system-out>
  <testcase classname="testngFlags.invocationCountFlag" name="login" time="0.000"/>
  <system-out>
    <![CDATA[inconsistent bug]]>
  </system-out>
  <testcase classname="testngFlags.invocationCountFlag" name="login" time="0.000"/>
  <system-out>
    <![CDATA[inconsistent bug]]>
  </system-out>
  <testcase classname="testngFlags.invocationCountFlag" name="login" time="0.000"/>
  <system-out>
    <![CDATA[inconsistent bug]]>
  </system-out>
  <testcase classname="testngFlags.invocationCountFlag" name="login" time="0.001"/>
  <system-out>
    <![CDATA[inconsistent bug]]>
  </system-out>
  <testcase classname="testngFlags.invocationCountFlag" name="login" time="0.000"/>
  <system-out>
    <![CDATA[inconsistent bug]]>
  </system-out>
  <testcase classname="testngFlags.invocationCountFlag" name="login" time="0.001"/>
  <system-out>
    <![CDATA[inconsistent bug]]>
  </system-out>
  <testcase classname="testngFlags.invocationCountFlag" name="login" time="0.000"/>
  <system-out>
    <![CDATA[inconsistent bug]]>
  </system-out>
  <testcase classname="testngFlags.invocationCountFlag" name="login" time="0.001"/>
  <system-out>
    <![CDATA[inconsistent bug]]>
  </system-out>
  <testcase classname="testngFlags.invocationCountFlag" name="login" time="0.004"/>
  <system-out>
    <![CDATA[inconsistent bug]]>
  </system-out>
  <testcase classname="testngFlags.invocationCountFlag" name="login" time="0.002"/>
  <system-out>
    <![CDATA[inconsistent bug]]>
  </system-out>
  <testcase classname="testngFlags.invocationCountFlag" name="login" time="0.004"/>
  <system-out>
    <![CDATA[inconsistent bug]]>
  </system-out>
  <testcase classname="testngFlags.invocationCountFlag" name="login" time="0.001"/>
  <system-out>
    <![CDATA[inconsistent bug]]>
  </system-out>
  <testcase classname="testngFlags.invocationCountFlag" name="login" time="0.000"/>
  <system-out>
    <![CDATA[inconsistent bug]]>
  </system-out>
  <testcase classname="testngFlags.invocationCountFlag" name="login" time="0.001"/>
  <system-out>
    <![CDATA[inconsistent bug]]>
  </system-out>
  <testcase classname="testngFlags.invocationCountFlag" name="login" time="0.001"/>
  <system-out>
    <![CDATA[inconsistent bug]]>
  </system-out>
  <testcase classname="testngFlags.invocationCountFlag" name="login" time="0.001"/>
  <system-out>
    <![CDATA[inconsistent bug]]>
  </system-out>
  <testcase classname="testngFlags.invocationCountFlag" name="login" time="0.001"/>
  <system-out>
    <![CDATA[inconsistent bug]]>
  </system-out>
  <testcase classname="testngFlags.invocationCountFlag" name="login" time="0.001"/>
  <system-out>
    <![CDATA[inconsistent bug]]>
  </system-out>
  <testcase classname="testngFlags.invocationCountFlag" name="login" time="0.000"/>
  <system-out>
    <![CDATA[inconsistent bug]]>
  </system-out>
  <testcase classname="testngFlags.invocationCountFlag" name="login" time="0.001"/>
  <system-out>
    <![CDATA[inconsistent bug]]>
  </system-out>
  <testcase classname="testngFlags.invocationCountFlag" name="login" time="0.000"/>
  <system-out>
    <![CDATA[inconsistent bug]]>
  </system-out>
  <testcase classname="testngFlags.invocationCountFlag" name="login" time="0.001"/>
  <system-out>
    <![CDATA[inconsistent bug]]>
  </system-out>
  <testcase classname="testngFlags.invocationCountFlag" name="login" time="0.001"/>
  <system-out>
    <![CDATA[inconsistent bug]]>
  </system-out>
  <testcase classname="testngFlags.invocationCountFlag" name="login" time="0.000"/>
  <system-out>
    <![CDATA[inconsistent bug]]>
  </system-out>
  <testcase classname="testngFlags.invocationCountFlag" name="login" time="0.002"/>
  <system-out>
    <![CDATA[inconsistent bug]]>
  </system-out>
  <testcase classname="testngFlags.invocationCountFlag" name="login" time="0.001"/>
  <system-out>
    <![CDATA[inconsistent bug]]>
  </system-out>
  <testcase classname="testngFlags.invocationCountFlag" name="login" time="0.000"/>
  <system-out>
    <![CDATA[inconsistent bug]]>
  </system-out>
  <testcase classname="testngFlags.invocationCountFlag" name="login" time="0.001"/>
  <system-out>
    <![CDATA[inconsistent bug]]>
  </system-out>
  <testcase classname="testngFlags.invocationCountFlag" name="login" time="0.001"/>
  <system-out>
    <![CDATA[inconsistent bug]]>
  </system-out>
  <testcase classname="testngFlags.invocationCountFlag" name="login" time="0.001"/>
  <system-out>
    <![CDATA[inconsistent bug]]>
  </system-out>
  <testcase classname="testngFlags.invocationCountFlag" name="login" time="0.001"/>
  <system-out>
    <![CDATA[inconsistent bug]]>
  </system-out>
  <testcase classname="testngFlags.invocationCountFlag" name="login" time="0.000"/>
  <system-out>
    <![CDATA[inconsistent bug]]>
  </system-out>
  <testcase classname="testngFlags.invocationCountFlag" name="login" time="0.000"/>
  <system-out>
    <![CDATA[inconsistent bug]]>
  </system-out>
  <testcase classname="testngFlags.invocationCountFlag" name="login" time="0.002"/>
  <system-out>
    <![CDATA[inconsistent bug]]>
  </system-out>
  <testcase classname="testngFlags.invocationCountFlag" name="login" time="0.000"/>
  <system-out>
    <![CDATA[inconsistent bug]]>
  </system-out>
  <testcase classname="testngFlags.invocationCountFlag" name="login" time="0.001"/>
  <system-out>
    <![CDATA[inconsistent bug]]>
  </system-out>
  <testcase classname="testngFlags.invocationCountFlag" name="login" time="0.001"/>
  <system-out>
    <![CDATA[inconsistent bug]]>
  </system-out>
  <testcase classname="testngFlags.invocationCountFlag" name="login" time="0.000"/>
  <system-out>
    <![CDATA[inconsistent bug]]>
  </system-out>
  <testcase classname="testngFlags.invocationCountFlag" name="login" time="0.000"/>
  <system-out>
    <![CDATA[inconsistent bug]]>
  </system-out>
  <testcase classname="testngFlags.invocationCountFlag" name="login" time="0.001"/>
  <system-out>
    <![CDATA[inconsistent bug]]>
  </system-out>
  <testcase classname="testngFlags.invocationCountFlag" name="login" time="0.000"/>
  <system-out>
    <![CDATA[inconsistent bug]]>
  </system-out>
  <testcase classname="testngFlags.invocationCountFlag" name="login" time="0.000"/>
  <system-out>
    <![CDATA[inconsistent bug]]>
  </system-out>
  <testcase classname="testngFlags.invocationCountFlag" name="login" time="0.002"/>
  <system-out>
    <![CDATA[inconsistent bug]]>
  </system-out>
  <testcase classname="testngFlags.invocationCountFlag" name="login" time="0.001"/>
  <system-out>
    <![CDATA[inconsistent bug]]>
  </system-out>
  <testcase classname="testngFlags.invocationCountFlag" name="login" time="0.001"/>
  <system-out>
    <![CDATA[inconsistent bug]]>
  </system-out>
  <testcase classname="testngFlags.invocationCountFlag" name="login" time="0.000"/>
  <system-out>
    <![CDATA[inconsistent bug]]>
  </system-out>
  <testcase classname="testngFlags.invocationCountFlag" name="login" time="0.001"/>
  <system-out>
    <![CDATA[inconsistent bug]]>
  </system-out>
  <testcase classname="testngFlags.invocationCountFlag" name="login" time="0.001"/>
  <system-out>
    <![CDATA[inconsistent bug]]>
  </system-out>
  <testcase classname="testngFlags.invocationCountFlag" name="login" time="0.000"/>
  <system-out>
    <![CDATA[inconsistent bug]]>
  </system-out>
  <testcase classname="testngFlags.invocationCountFlag" name="login" time="0.000"/>
  <system-out>
    <![CDATA[inconsistent bug]]>
  </system-out>
  <testcase classname="testngFlags.invocationCountFlag" name="login" time="0.001"/>
  <system-out>
    <![CDATA[inconsistent bug]]>
  </system-out>
  <testcase classname="testngFlags.invocationCountFlag" name="login" time="0.000"/>
  <system-out>
    <![CDATA[inconsistent bug]]>
  </system-out>
  <testcase classname="testngFlags.invocationCountFlag" name="login" time="0.000"/>
  <system-out>
    <![CDATA[inconsistent bug]]>
  </system-out>
  <testcase classname="testngFlags.invocationCountFlag" name="login" time="0.000"/>
  <system-out>
    <![CDATA[inconsistent bug]]>
  </system-out>
  <testcase classname="testngFlags.invocationCountFlag" name="login" time="0.000"/>
  <system-out>
    <![CDATA[inconsistent bug]]>
  </system-out>
  <testcase classname="testngFlags.invocationCountFlag" name="login" time="0.001"/>
  <system-out>
    <![CDATA[inconsistent bug]]>
  </system-out>
  <testcase classname="testngFlags.invocationCountFlag" name="login" time="0.000"/>
  <system-out>
    <![CDATA[inconsistent bug]]>
  </system-out>
  <testcase classname="testngFlags.invocationCountFlag" name="login" time="0.000"/>
  <system-out>
    <![CDATA[inconsistent bug]]>
  </system-out>
  <testcase classname="testngFlags.invocationCountFlag" name="login" time="0.000"/>
  <system-out>
    <![CDATA[inconsistent bug]]>
  </system-out>
  <testcase classname="testngFlags.invocationCountFlag" name="login" time="0.001"/>
  <system-out>
    <![CDATA[inconsistent bug]]>
  </system-out>
  <testcase classname="testngFlags.invocationCountFlag" name="login" time="0.000"/>
  <system-out>
    <![CDATA[inconsistent bug]]>
  </system-out>
  <testcase classname="testngFlags.invocationCountFlag" name="login" time="0.001"/>
  <system-out>
    <![CDATA[inconsistent bug]]>
  </system-out>
  <testcase classname="testngFlags.invocationCountFlag" name="login" time="0.001"/>
  <system-out>
    <![CDATA[inconsistent bug]]>
  </system-out>
  <testcase classname="testngFlags.invocationCountFlag" name="login" time="0.001"/>
  <system-out>
    <![CDATA[inconsistent bug]]>
  </system-out>
  <testcase classname="testngFlags.invocationCountFlag" name="login" time="0.002"/>
  <system-out>
    <![CDATA[inconsistent bug]]>
  </system-out>
  <testcase classname="testngFlags.invocationCountFlag" name="login" time="0.000"/>
  <system-out>
    <![CDATA[inconsistent bug]]>
  </system-out>
  <testcase classname="testngFlags.invocationCountFlag" name="login" time="0.001"/>
  <system-out>
    <![CDATA[inconsistent bug]]>
  </system-out>
  <testcase classname="testngFlags.invocationCountFlag" name="login" time="0.001"/>
  <system-out>
    <![CDATA[inconsistent bug]]>
  </system-out>
  <testcase classname="testngFlags.invocationCountFlag" name="login" time="0.001"/>
  <system-out>
    <![CDATA[inconsistent bug]]>
  </system-out>
  <testcase classname="testngFlags.invocationCountFlag" name="login" time="0.001"/>
  <system-out>
    <![CDATA[inconsistent bug]]>
  </system-out>
  <testcase classname="testngFlags.invocationCountFlag" name="login" time="0.001"/>
  <system-out>
    <![CDATA[inconsistent bug]]>
  </system-out>
  <testcase classname="testngFlags.invocationCountFlag" name="login" time="0.001"/>
  <system-out>
    <![CDATA[inconsistent bug]]>
  </system-out>
  <testcase classname="testngFlags.invocationCountFlag" name="login" time="0.001"/>
  <system-out>
    <![CDATA[inconsistent bug]]>
  </system-out>
  <testcase classname="testngFlags.invocationCountFlag" name="login" time="0.001"/>
  <system-out>
    <![CDATA[inconsistent bug]]>
  </system-out>
  <testcase classname="testngFlags.invocationCountFlag" name="login" time="0.003"/>
  <system-out>
    <![CDATA[inconsistent bug]]>
  </system-out>
  <testcase classname="testngFlags.invocationCountFlag" name="login" time="0.000"/>
  <system-out>
    <![CDATA[inconsistent bug]]>
  </system-out>
  <testcase classname="testngFlags.invocationCountFlag" name="login" time="0.003"/>
  <system-out>
    <![CDATA[inconsistent bug]]>
  </system-out>
  <testcase classname="testngFlags.invocationCountFlag" name="login" time="0.000"/>
  <system-out>
    <![CDATA[inconsistent bug]]>
  </system-out>
  <testcase classname="testngFlags.invocationCountFlag" name="login" time="0.000"/>
  <system-out>
    <![CDATA[inconsistent bug]]>
  </system-out>
  <testcase classname="testngFlags.invocationCountFlag" name="login" time="0.001"/>
  <system-out>
    <![CDATA[inconsistent bug]]>
  </system-out>
  <testcase classname="testngFlags.invocationCountFlag" name="login" time="0.000"/>
  <system-out>
    <![CDATA[inconsistent bug]]>
  </system-out>
  <testcase classname="testngFlags.invocationCountFlag" name="login" time="0.000"/>
  <system-out>
    <![CDATA[inconsistent bug]]>
  </system-out>
  <testcase classname="testngFlags.invocationCountFlag" name="login" time="0.001"/>
  <system-out>
    <![CDATA[inconsistent bug]]>
  </system-out>
  <testcase classname="testngFlags.invocationCountFlag" name="login" time="0.001"/>
  <system-out>
    <![CDATA[inconsistent bug]]>
  </system-out>
  <testcase classname="testngFlags.invocationCountFlag" name="login" time="0.001"/>
  <system-out>
    <![CDATA[inconsistent bug]]>
  </system-out>
  <testcase classname="testngFlags.invocationCountFlag" name="login" time="0.001"/>
  <system-out>
    <![CDATA[inconsistent bug]]>
  </system-out>
  <testcase classname="testngFlags.invocationCountFlag" name="login" time="0.000"/>
  <system-out>
    <![CDATA[inconsistent bug]]>
  </system-out>
  <testcase classname="testngFlags.invocationCountFlag" name="login" time="0.000"/>
  <system-out>
    <![CDATA[inconsistent bug]]>
  </system-out>
  <testcase classname="testngFlags.invocationCountFlag" name="login" time="0.001"/>
  <system-out>
    <![CDATA[inconsistent bug]]>
  </system-out>
  <testcase classname="testngFlags.invocationCountFlag" name="login" time="0.001"/>
  <system-out>
    <![CDATA[inconsistent bug]]>
  </system-out>
  <testcase classname="testngFlags.invocationCountFlag" name="login" time="0.000"/>
  <system-out>
    <![CDATA[inconsistent bug]]>
  </system-out>
  <testcase classname="testngFlags.invocationCountFlag" name="login" time="0.000"/>
  <system-out>
    <![CDATA[inconsistent bug]]>
  </system-out>
  <testcase classname="testngFlags.invocationCountFlag" name="login" time="0.000"/>
  <system-out>
    <![CDATA[inconsistent bug]]>
  </system-out>
  <testcase classname="testngFlags.invocationCountFlag" name="login" time="0.001"/>
  <system-out>
    <![CDATA[inconsistent bug]]>
  </system-out>
  <testcase classname="testngFlags.invocationCountFlag" name="login" time="0.000"/>
  <system-out>
    <![CDATA[inconsistent bug]]>
  </system-out>
  <testcase classname="testngFlags.invocationCountFlag" name="login" time="0.001"/>
  <system-out>
    <![CDATA[inconsistent bug]]>
  </system-out>
  <testcase classname="testngFlags.invocationCountFlag" name="login" time="0.002"/>
  <system-out>
    <![CDATA[inconsistent bug]]>
  </system-out>
  <testcase classname="testngFlags.invocationCountFlag" name="login" time="0.001"/>
  <system-out>
    <![CDATA[inconsistent bug]]>
  </system-out>
  <testcase classname="testngFlags.invocationCountFlag" name="login" time="0.001"/>
  <system-out>
    <![CDATA[inconsistent bug]]>
  </system-out>
  <testcase classname="testngFlags.invocationCountFlag" name="login" time="0.001"/>
  <system-out>
    <![CDATA[inconsistent bug]]>
  </system-out>
  <testcase classname="testngFlags.invocationCountFlag" name="login" time="0.000"/>
  <system-out>
    <![CDATA[inconsistent bug]]>
  </system-out>
  <testcase classname="testngFlags.invocationCountFlag" name="login" time="0.000"/>
  <system-out>
    <![CDATA[inconsistent bug]]>
  </system-out>
  <testcase classname="testngFlags.invocationCountFlag" name="login" time="0.001"/>
  <system-out>
    <![CDATA[inconsistent bug]]>
  </system-out>
  <testcase classname="testngFlags.invocationCountFlag" name="login" time="0.001"/>
  <system-out>
    <![CDATA[inconsistent bug]]>
  </system-out>
  <testcase classname="testngFlags.invocationCountFlag" name="login" time="0.000"/>
  <system-out>
    <![CDATA[inconsistent bug]]>
  </system-out>
  <testcase classname="testngFlags.invocationCountFlag" name="login" time="0.001"/>
  <system-out>
    <![CDATA[inconsistent bug]]>
  </system-out>
  <testcase classname="testngFlags.invocationCountFlag" name="login" time="0.001"/>
  <system-out>
    <![CDATA[inconsistent bug]]>
  </system-out>
  <testcase classname="testngFlags.invocationCountFlag" name="login" time="0.000"/>
  <system-out>
    <![CDATA[inconsistent bug]]>
  </system-out>
  <testcase classname="testngFlags.invocationCountFlag" name="login" time="0.000"/>
  <system-out>
    <![CDATA[inconsistent bug]]>
  </system-out>
  <testcase classname="testngFlags.invocationCountFlag" name="login" time="0.000"/>
  <system-out>
    <![CDATA[inconsistent bug]]>
  </system-out>
  <testcase classname="testngFlags.invocationCountFlag" name="login" time="0.002"/>
  <system-out>
    <![CDATA[inconsistent bug]]>
  </system-out>
  <testcase classname="testngFlags.invocationCountFlag" name="login" time="0.000"/>
  <system-out>
    <![CDATA[inconsistent bug]]>
  </system-out>
  <testcase classname="testngFlags.invocationCountFlag" name="login" time="0.002"/>
  <system-out>
    <![CDATA[inconsistent bug]]>
  </system-out>
  <testcase classname="testngFlags.invocationCountFlag" name="login" time="0.000"/>
  <system-out>
    <![CDATA[inconsistent bug]]>
  </system-out>
  <testcase classname="testngFlags.invocationCountFlag" name="login" time="0.002"/>
  <system-out>
    <![CDATA[inconsistent bug]]>
  </system-out>
  <testcase classname="testngFlags.invocationCountFlag" name="login" time="0.001"/>
  <system-out>
    <![CDATA[inconsistent bug]]>
  </system-out>
  <testcase classname="testngFlags.invocationCountFlag" name="login" time="0.002"/>
  <system-out>
    <![CDATA[inconsistent bug]]>
  </system-out>
  <testcase classname="testngFlags.invocationCountFlag" name="login" time="0.001"/>
  <system-out>
    <![CDATA[inconsistent bug]]>
  </system-out>
  <testcase classname="testngFlags.invocationCountFlag" name="login" time="0.001"/>
  <system-out>
    <![CDATA[inconsistent bug]]>
  </system-out>
  <testcase classname="testngFlags.invocationCountFlag" name="login" time="0.001"/>
  <system-out>
    <![CDATA[inconsistent bug]]>
  </system-out>
  <testcase classname="testngFlags.invocationCountFlag" name="login" time="0.001"/>
  <system-out>
    <![CDATA[inconsistent bug]]>
  </system-out>
  <testcase classname="testngFlags.invocationCountFlag" name="login" time="0.000"/>
  <system-out>
    <![CDATA[inconsistent bug]]>
  </system-out>
  <testcase classname="testngFlags.invocationCountFlag" name="login" time="0.001"/>
  <system-out>
    <![CDATA[inconsistent bug]]>
  </system-out>
  <testcase classname="testngFlags.invocationCountFlag" name="login" time="0.000"/>
  <system-out>
    <![CDATA[inconsistent bug]]>
  </system-out>
  <testcase classname="testngFlags.invocationCountFlag" name="login" time="0.001"/>
  <system-out>
    <![CDATA[inconsistent bug]]>
  </system-out>
  <testcase classname="testngFlags.invocationCountFlag" name="login" time="0.000"/>
  <system-out>
    <![CDATA[inconsistent bug]]>
  </system-out>
  <testcase classname="testngFlags.invocationCountFlag" name="login" time="0.000"/>
  <system-out>
    <![CDATA[inconsistent bug]]>
  </system-out>
  <testcase classname="testngFlags.invocationCountFlag" name="login" time="0.001"/>
  <system-out>
    <![CDATA[inconsistent bug]]>
  </system-out>
  <testcase classname="testngFlags.invocationCountFlag" name="login" time="0.000"/>
  <system-out>
    <![CDATA[inconsistent bug]]>
  </system-out>
  <testcase classname="testngFlags.invocationCountFlag" name="login" time="0.000"/>
  <system-out>
    <![CDATA[inconsistent bug]]>
  </system-out>
  <testcase classname="testngFlags.invocationCountFlag" name="login" time="0.000"/>
  <system-out>
    <![CDATA[inconsistent bug]]>
  </system-out>
  <testcase classname="testngFlags.invocationCountFlag" name="login" time="0.001"/>
  <system-out>
    <![CDATA[inconsistent bug]]>
  </system-out>
  <testcase classname="testngFlags.invocationCountFlag" name="login" time="0.000"/>
  <system-out>
    <![CDATA[inconsistent bug]]>
  </system-out>
  <testcase classname="testngFlags.invocationCountFlag" name="login" time="0.000"/>
  <system-out>
    <![CDATA[inconsistent bug]]>
  </system-out>
  <testcase classname="testngFlags.invocationCountFlag" name="login" time="0.001"/>
  <system-out>
    <![CDATA[inconsistent bug]]>
  </system-out>
  <testcase classname="testngFlags.invocationCountFlag" name="login" time="0.000"/>
  <system-out>
    <![CDATA[inconsistent bug]]>
  </system-out>
  <testcase classname="testngFlags.invocationCountFlag" name="login" time="0.001"/>
  <system-out>
    <![CDATA[inconsistent bug]]>
  </system-out>
  <testcase classname="testngFlags.invocationCountFlag" name="login" time="0.000"/>
[...]
  <system-out>
    <![CDATA[inconsistent bug]]>
  </system-out>
  <testcase classname="testngFlags.invocationCountFlag" name="login" time="0.000"/>
  <system-out>
    <![CDATA[inconsistent bug]]>
  </system-out>
  <testcase classname="testngFlags.invocationCountFlag" name="login" time="0.000"/>
  <system-out>
    <![CDATA[inconsistent bug]]>
  </system-out>
  <testcase classname="testngFlags.invocationCountFlag" name="login" time="0.000"/>
  <system-out>
    <![CDATA[inconsistent bug]]>
  </system-out>
  <testcase classname="testngFlags.invocationCountFlag" name="login" time="0.004"/>
  <system-out>
    <![CDATA[inconsistent bug]]>
  </system-out>
  <testcase classname="testngFlags.invocationCountFlag" name="login" time="0.001"/>
  <system-out>
    <![CDATA[inconsistent bug]]>
  </system-out>
  <testcase classname="testngFlags.invocationCountFlag" name="login" time="0.000"/>
  <system-out>
    <![CDATA[inconsistent bug]]>
  </system-out>
  <testcase classname="testngFlags.invocationCountFlag" name="login" time="0.001"/>
  <system-out>
    <![CDATA[inconsistent bug]]>
  </system-out>
  <testcase classname="testngFlags.invocationCountFlag" name="login" time="0.006"/>
  <system-out>
    <![CDATA[inconsistent bug]]>
  </system-out>
  <testcase classname="testngFlags.invocationCountFlag" name="login" time="0.001"/>
  <system-out>
    <![CDATA[inconsistent bug]]>
  </system-out>
  <testcase classname="testngFlags.invocationCountFlag" name="login" time="0.000"/>
  <system-out>
    <![CDATA[inconsistent bug]]>
  </system-out>
  <testcase classname="testngFlags.invocationCountFlag" name="login" time="0.001"/>
  <system-out>
    <![CDATA[inconsistent bug]]>
  </system-out>
  <testcase classname="testngFlags.invocationCountFlag" name="login" time="0.001"/>
  <system-out>
    <![CDATA[inconsistent bug]]>
  </system-out>
  <testcase classname="testngFlags.invocationCountFlag" name="login" time="0.001"/>
  <system-out>
    <![CDATA[inconsistent bug]]>
  </system-out>
  <testcase classname="testngFlags.invocationCountFlag" name="login" time="0.000"/>
  <system-out>
    <![CDATA[inconsistent bug]]>
  </system-out>
  <testcase classname="testngFlags.invocationCountFlag" name="login" time="0.001"/>
  <system-out>
    <![CDATA[inconsistent bug]]>
  </system-out>
  <testcase classname="testngFlags.invocationCountFlag" name="login" time="0.000"/>
  <system-out>
    <![CDATA[inconsistent bug]]>
  </system-out>
  <testcase classname="testngFlags.invocationCountFlag" name="login" time="0.001"/>
  <system-out>
    <![CDATA[inconsistent bug]]>
  </system-out>
  <testcase classname="testngFlags.invocationCountFlag" name="login" time="0.001"/>
  <system-out>
    <![CDATA[inconsistent bug]]>
  </system-out>
  <testcase classname="testngFlags.invocationCountFlag" name="login" time="0.001"/>
  <system-out>
    <![CDATA[inconsistent bug]]>
  </system-out>
  <testcase classname="testngFlags.invocationCountFlag" name="login" time="0.001"/>
  <system-out>
    <![CDATA[inconsistent bug]]>
  </system-out>
  <testcase classname="testngFlags.invocationCountFlag" name="login" time="0.000"/>
  <system-out>
    <![CDATA[inconsistent bug]]>
  </system-out>
  <testcase classname="testngFlags.invocationCountFlag" name="login" time="0.001"/>
  <system-out>
    <![CDATA[inconsistent bug]]>
  </system-out>
  <testcase classname="testngFlags.invocationCountFlag" name="login" time="0.000"/>
  <system-out>
    <![CDATA[inconsistent bug]]>
  </system-out>
  <testcase classname="testngFlags.invocationCountFlag" name="login" time="0.001"/>
  <system-out>
    <![CDATA[inconsistent bug]]>
  </system-out>
  <testcase classname="testngFlags.invocationCountFlag" name="login" time="0.000"/>
  <system-out>
    <![CDATA[inconsistent bug]]>
  </system-out>
  <testcase classname="testngFlags.invocationCountFlag" name="login" time="0.001"/>
  <system-out>
    <![CDATA[inconsistent bug]]>
  </system-out>
  <testcase classname="testngFlags.invocationCountFlag" name="login" time="0.001"/>
  <system-out>
    <![CDATA[inconsistent bug]]>
  </system-out>
  <testcase classname="testngFlags.invocationCountFlag" name="login" time="0.000"/>
  <system-out>
    <![CDATA[inconsistent bug]]>
  </system-out>
  <testcase classname="testngFlags.invocationCountFlag" name="login" time="0.001"/>
  <system-out>
    <![CDATA[inconsistent bug]]>
  </system-out>
  <testcase classname="testngFlags.invocationCountFlag" name="login" time="0.000"/>
  <system-out>
    <![CDATA[inconsistent bug]]>
  </system-out>
  <testcase classname="testngFlags.invocationCountFlag" name="login" time="0.001"/>
  <system-out>
    <![CDATA[inconsistent bug]]>
  </system-out>
  <testcase classname="testngFlags.invocationCountFlag" name="login" time="0.000"/>
  <system-out>
    <![CDATA[inconsistent bug]]>
  </system-out>
  <testcase classname="testngFlags.invocationCountFlag" name="login" time="0.001"/>
  <system-out>
    <![CDATA[inconsistent bug]]>
  </system-out>
  <testcase classname="testngFlags.invocationCountFlag" name="login" time="0.001"/>
  <system-out>
    <![CDATA[inconsistent bug]]>
  </system-out>
  <testcase classname="testngFlags.invocationCountFlag" name="login" time="0.001"/>
  <system-out>
    <![CDATA[inconsistent bug]]>
  </system-out>
  <testcase classname="testngFlags.invocationCountFlag" name="login" time="0.000"/>
  <system-out>
    <![CDATA[inconsistent bug]]>
  </system-out>
  <testcase classname="testngFlags.invocationCountFlag" name="login" time="0.000"/>
  <system-out>
    <![CDATA[inconsistent bug]]>
  </system-out>
  <testcase classname="testngFlags.invocationCountFlag" name="login" time="0.000"/>
  <system-out>
    <![CDATA[inconsistent bug]]>
  </system-out>
  <testcase classname="testngFlags.invocationCountFlag" name="login" time="0.002"/>
  <system-out>
    <![CDATA[inconsistent bug]]>
  </system-out>
  <testcase classname="testngFlags.invocationCountFlag" name="login" time="0.000"/>
  <system-out>
    <![CDATA[inconsistent bug]]>
  </system-out>
  <testcase classname="testngFlags.invocationCountFlag" name="login" time="0.000"/>
  <system-out>
    <![CDATA[inconsistent bug]]>
  </system-out>
  <testcase classname="testngFlags.invocationCountFlag" name="login" time="0.002"/>
  <system-out>
    <![CDATA[inconsistent bug]]>
  </system-out>
  <testcase classname="testngFlags.invocationCountFlag" name="login" time="0.002"/>
  <system-out>
    <![CDATA[inconsistent bug]]>
  </system-out>
  <testcase classname="testngFlags.invocationCountFlag" name="login" time="0.001"/>
  <system-out>
    <![CDATA[inconsistent bug]]>
  </system-out>
  <testcase classname="testngFlags.invocationCountFlag" name="login" time="0.000"/>
  <system-out>
    <![CDATA[inconsistent bug]]>
  </system-out>
  <testcase classname="testngFlags.invocationCountFlag" name="login" time="0.003"/>
  <system-out>
    <![CDATA[inconsistent bug]]>
  </system-out>
  <testcase classname="testngFlags.invocationCountFlag" name="login" time="0.011"/>
  <system-out>
    <![CDATA[inconsistent bug]]>
  </system-out>
  <testcase classname="testngFlags.invocationCountFlag" name="login" time="0.000"/>
  <system-out>
    <![CDATA[inconsistent bug]]>
  </system-out>
  <testcase classname="testngFlags.invocationCountFlag" name="login" time="0.000"/>
  <system-out>
    <![CDATA[inconsistent bug]]>
  </system-out>
  <testcase classname="testngFlags.invocationCountFlag" name="login" time="0.000"/>
  <system-out>
    <![CDATA[inconsistent bug]]>
  </system-out>
  <testcase classname="testngFlags.invocationCountFlag" name="login" time="0.001"/>
  <system-out>
    <![CDATA[inconsistent bug]]>
  </system-out>
  <testcase classname="testngFlags.invocationCountFlag" name="login" time="0.000"/>
  <system-out>
    <![CDATA[inconsistent bug]]>
  </system-out>
  <testcase classname="testngFlags.invocationCountFlag" name="login" time="0.001"/>
  <system-out>
    <![CDATA[inconsistent bug]]>
  </system-out>
  <testcase classname="testngFlags.invocationCountFlag" name="login" time="0.001"/>
  <system-out>
    <![CDATA[inconsistent bug]]>
  </system-out>
  <testcase classname="testngFlags.invocationCountFlag" name="login" time="0.001"/>
  <system-out>
    <![CDATA[inconsistent bug]]>
  </system-out>
  <testcase classname="testngFlags.invocationCountFlag" name="login" time="0.000"/>
  <system-out>
    <![CDATA[inconsistent bug]]>
  </system-out>
  <testcase classname="testngFlags.invocationCountFlag" name="login" time="0.002"/>
  <system-out>
    <![CDATA[inconsistent bug]]>
  </system-out>
  <testcase classname="testngFlags.invocationCountFlag" name="login" time="0.001"/>
  <system-out>
    <![CDATA[inconsistent bug]]>
  </system-out>
  <testcase classname="testngFlags.invocationCountFlag" name="login" time="0.001"/>
  <system-out>
    <![CDATA[inconsistent bug]]>
  </system-out>
  <testcase classname="testngFlags.invocationCountFlag" name="login" time="0.001"/>
  <system-out>
    <![CDATA[inconsistent bug]]>
  </system-out>
  <testcase classname="testngFlags.invocationCountFlag" name="login" time="0.001"/>
  <system-out>
    <![CDATA[inconsistent bug]]>
  </system-out>
  <testcase classname="testngFlags.invocationCountFlag" name="login" time="0.000"/>
  <system-out>
    <![CDATA[inconsistent bug]]>
  </system-out>
  <testcase classname="testngFlags.invocationCountFlag" name="login" time="0.002"/>
  <system-out>
    <![CDATA[inconsistent bug]]>
  </system-out>
  <testcase classname="testngFlags.invocationCountFlag" name="login" time="0.001"/>
  <system-out>
    <![CDATA[inconsistent bug]]>
  </system-out>
  <testcase classname="testngFlags.invocationCountFlag" name="login" time="0.000"/>
  <system-out>
    <![CDATA[inconsistent bug]]>
  </system-out>
  <testcase classname="testngFlags.invocationCountFlag" name="login" time="0.000"/>
  <system-out>
    <![CDATA[inconsistent bug]]>
  </system-out>
  <testcase classname="testngFlags.invocationCountFlag" name="login" time="0.000"/>
  <system-out>
    <![CDATA[inconsistent bug]]>
  </system-out>
  <testcase classname="testngFlags.invocationCountFlag" name="login" time="0.000"/>
  <system-out>
    <![CDATA[inconsistent bug]]>
  </system-out>
  <testcase classname="testngFlags.invocationCountFlag" name="login" time="0.001"/>
  <system-out>
    <![CDATA[inconsistent bug]]>
  </system-out>
  <testcase classname="testngFlags.invocationCountFlag" name="login" time="0.000"/>
  <system-out>
    <![CDATA[inconsistent bug]]>
  </system-out>
  <testcase classname="testngFlags.invocationCountFlag" name="login" time="0.000"/>
  <system-out>
    <![CDATA[inconsistent bug]]>
  </system-out>
  <testcase classname="testngFlags.invocationCountFlag" name="login" time="0.001"/>
  <system-out>
    <![CDATA[inconsistent bug]]>
  </system-out>
  <testcase classname="testngFlags.invocationCountFlag" name="login" time="0.002"/>
  <system-out>
    <![CDATA[inconsistent bug]]>
  </system-out>
  <testcase classname="testngFlags.invocationCountFlag" name="login" time="0.001"/>
  <system-out>
    <![CDATA[inconsistent bug]]>
  </system-out>
  <testcase classname="testngFlags.invocationCountFlag" name="login" time="0.000"/>
  <system-out>
    <![CDATA[inconsistent bug]]>
  </system-out>
  <testcase classname="testngFlags.invocationCountFlag" name="login" time="0.002"/>
  <system-out>
    <![CDATA[inconsistent bug]]>
  </system-out>
  <testcase classname="testngFlags.invocationCountFlag" name="login" time="0.000"/>
  <system-out>
    <![CDATA[inconsistent bug]]>
  </system-out>
  <testcase classname="testngFlags.invocationCountFlag" name="login" time="0.000"/>
  <system-out>
    <![CDATA[inconsistent bug]]>
  </system-out>
  <testcase classname="testngFlags.invocationCountFlag" name="login" time="0.000"/>
  <system-out>
    <![CDATA[inconsistent bug]]>
  </system-out>
  <testcase classname="testngFlags.invocationCountFlag" name="login" time="0.003"/>
  <system-out>
    <![CDATA[inconsistent bug]]>
  </system-out>
  <testcase classname="testngFlags.invocationCountFlag" name="login" time="0.000"/>
  <system-out>
    <![CDATA[inconsistent bug]]>
  </system-out>
  <testcase classname="testngFlags.invocationCountFlag" name="login" time="0.001"/>
  <system-out>
    <![CDATA[inconsistent bug]]>
  </system-out>
  <testcase classname="testngFlags.invocationCountFlag" name="login" time="0.000"/>
  <system-out>
    <![CDATA[inconsistent bug]]>
  </system-out>
  <testcase classname="testngFlags.invocationCountFlag" name="login" time="0.001"/>
  <system-out>
    <![CDATA[inconsistent bug]]>
  </system-out>
  <testcase classname="testngFlags.invocationCountFlag" name="login" time="0.001"/>
  <system-out>
    <![CDATA[inconsistent bug]]>
  </system-out>
  <testcase classname="testngFlags.invocationCountFlag" name="login" time="0.003"/>
  <system-out>
    <![CDATA[inconsistent bug]]>
  </system-out>
  <testcase classname="testngFlags.invocationCountFlag" name="login" time="0.001"/>
  <system-out>
    <![CDATA[inconsistent bug]]>
  </system-out>
  <testcase classname="testngFlags.invocationCountFlag" name="login" time="0.001"/>
  <system-out>
    <![CDATA[inconsistent bug]]>
  </system-out>
  <testcase classname="testngFlags.invocationCountFlag" name="login" time="0.001"/>
  <system-out>
    <![CDATA[inconsistent bug]]>
  </system-out>
  <testcase classname="testngFlags.invocationCountFlag" name="login" time="0.000"/>
  <system-out>
    <![CDATA[inconsistent bug]]>
  </system-out>
  <testcase classname="testngFlags.invocationCountFlag" name="login" time="0.001"/>
  <system-out>
    <![CDATA[inconsistent bug]]>
  </system-out>
  <testcase classname="testngFlags.invocationCountFlag" name="login" time="0.000"/>
  <system-out>
    <![CDATA[inconsistent bug]]>
  </system-out>
  <testcase classname="testngFlags.invocationCountFlag" name="login" time="0.000"/>
  <system-out>
    <![CDATA[inconsistent bug]]>
  </system-out>
  <testcase classname="testngFlags.invocationCountFlag" name="login" time="0.000"/>
  <system-out>
    <![CDATA[inconsistent bug]]>
  </system-out>
  <testcase classname="testngFlags.invocationCountFlag" name="login" time="0.001"/>
  <system-out>
    <![CDATA[inconsistent bug]]>
  </system-out>
  <testcase classname="testngFlags.invocationCountFlag" name="login" time="0.001"/>
  <system-out>
    <![CDATA[inconsistent bug]]>
  </system-out>
  <testcase classname="testngFlags.invocationCountFlag" name="login" time="0.001"/>
  <system-out>
    <![CDATA[inconsistent bug]]>
  </system-out>
  <testcase classname="testngFlags.invocationCountFlag" name="login" time="0.001"/>
  <system-out>
    <![CDATA[inconsistent bug]]>
  </system-out>
  <testcase classname="testngFlags.invocationCountFlag" name="login" time="0.001"/>
  <system-out>
    <![CDATA[inconsistent bug]]>
  </system-out>
  <testcase classname="testngFlags.invocationCountFlag" name="login" time="0.002"/>
  <system-out>
    <![CDATA[inconsistent bug]]>
  </system-out>
  <testcase classname="testngFlags.invocationCountFlag" name="login" time="0.000"/>
  <system-out>
    <![CDATA[inconsistent bug]]>
  </system-out>
  <testcase classname="testngFlags.invocationCountFlag" name="login" time="0.000"/>
  <system-out>
    <![CDATA[inconsistent bug]]>
  </system-out>
  <testcase classname="testngFlags.invocationCountFlag" name="login" time="0.000"/>
  <system-out>
    <![CDATA[inconsistent bug]]>
  </system-out>
  <testcase classname="testngFlags.invocationCountFlag" name="login" time="0.006"/>
  <system-out>
    <![CDATA[inconsistent bug]]>
  </system-out>
  <testcase classname="testngFlags.invocationCountFlag" name="login" time="0.001"/>
  <system-out>
    <![CDATA[inconsistent bug]]>
  </system-out>
  <testcase classname="testngFlags.invocationCountFlag" name="login" time="0.001"/>
  <system-out>
    <![CDATA[inconsistent bug]]>
  </system-out>
  <testcase classname="testngFlags.invocationCountFlag" name="login" time="0.001"/>
  <system-out>
    <![CDATA[inconsistent bug]]>
  </system-out>
  <testcase classname="testngFlags.invocationCountFlag" name="login" time="0.000"/>
  <system-out>
    <![CDATA[inconsistent bug]]>
  </system-out>
  <testcase classname="testngFlags.invocationCountFlag" name="login" time="0.000"/>
  <system-out>
    <![CDATA[inconsistent bug]]>
  </system-out>
  <testcase classname="testngFlags.invocationCountFlag" name="login" time="0.001"/>
  <system-out>
    <![CDATA[inconsistent bug]]>
  </system-out>
  <testcase classname="testngFlags.invocationCountFlag" name="login" time="0.000"/>
  <system-out>
    <![CDATA[inconsistent bug]]>
  </system-out>
  <testcase classname="testngFlags.invocationCountFlag" name="login" time="0.005"/>
  <system-out>
    <![CDATA[inconsistent bug]]>
  </system-out>
  <testcase classname="testngFlags.invocationCountFlag" name="login" time="0.000"/>
  <system-out>
    <![CDATA[inconsistent bug]]>
  </system-out>
  <testcase classname="testngFlags.invocationCountFlag" name="login" time="0.001"/>
  <system-out>
    <![CDATA[inconsistent bug]]>
  </system-out>
  <testcase classname="testngFlags.invocationCountFlag" name="login" time="0.000"/>
  <system-out>
    <![CDATA[inconsistent bug]]>
  </system-out>
  <testcase classname="testngFlags.invocationCountFlag" name="login" time="0.000"/>
  <system-out>
    <![CDATA[inconsistent bug]]>
  </system-out>
  <testcase classname="testngFlags.invocationCountFlag" name="login" time="0.001"/>
  <system-out>
    <![CDATA[inconsistent bug]]>
  </system-out>
  <testcase classname="testngFlags.invocationCountFlag" name="login" time="0.000"/>
  <system-out>
    <![CDATA[inconsistent bug]]>
  </system-out>
  <testcase classname="testngFlags.invocationCountFlag" name="login" time="0.001"/>
  <system-out>
    <![CDATA[inconsistent bug]]>
  </system-out>
  <testcase classname="testngFlags.invocationCountFlag" name="login" time="0.001"/>
  <system-out>
    <![CDATA[inconsistent bug]]>
  </system-out>
  <testcase classname="testngFlags.invocationCountFlag" name="login" time="0.000"/>
  <system-out>
    <![CDATA[inconsistent bug]]>
  </system-out>
  <testcase classname="testngFlags.invocationCountFlag" name="login" time="0.000"/>
  <system-out>
    <![CDATA[inconsistent bug]]>
  </system-out>
  <testcase classname="testngFlags.invocationCountFlag" name="login" time="0.000"/>
  <system-out>
    <![CDATA[inconsistent bug]]>
  </system-out>
  <testcase classname="testngFlags.invocationCountFlag" name="login" time="0.000"/>
  <system-out>
    <![CDATA[inconsistent bug]]>
  </system-out>
  <testcase classname="testngFlags.invocationCountFlag" name="login" time="0.000"/>
  <system-out>
    <![CDATA[inconsistent bug]]>
  </system-out>
  <testcase classname="testngFlags.invocationCountFlag" name="login" time="0.001"/>
  <system-out>
    <![CDATA[inconsistent bug]]>
  </system-out>
  <testcase classname="testngFlags.invocationCountFlag" name="login" time="0.001"/>
  <system-out>
    <![CDATA[inconsistent bug]]>
  </system-out>
  <testcase classname="testngFlags.invocationCountFlag" name="login" time="0.001"/>
  <system-out>
    <![CDATA[inconsistent bug]]>
  </system-out>
  <testcase classname="testngFlags.invocationCountFlag" name="login" time="0.000"/>
  <system-out>
    <![CDATA[inconsistent bug]]>
  </system-out>
  <testcase classname="testngFlags.invocationCountFlag" name="login" time="0.001"/>
  <system-out>
    <![CDATA[inconsistent bug]]>
  </system-out>
  <testcase classname="testngFlags.invocationCountFlag" name="login" time="0.001"/>
  <system-out>
    <![CDATA[inconsistent bug]]>
  </system-out>
  <testcase classname="testngFlags.invocationCountFlag" name="login" time="0.001"/>
  <system-out>
    <![CDATA[inconsistent bug]]>
  </system-out>
  <testcase classname="testngFlags.invocationCountFlag" name="login" time="0.001"/>
  <system-out>
    <![CDATA[inconsistent bug]]>
  </system-out>
  <testcase classname="testngFlags.invocationCountFlag" name="login" time="0.001"/>
  <system-out>
    <![CDATA[inconsistent bug]]>
  </system-out>
</testsuite> <!-- testngFlags.invocationCountFlag -->
