<?xml version="1.0" encoding="UTF-8"?>
<testng-results ignored="0" total="1" passed="1" failed="0" skipped="0">
  <reporter-output>
  </reporter-output>
  <suite started-at="2022-06-14T09:50:52 IST" name="Default suite" finished-at="2022-06-14T09:51:02 IST" duration-ms="10023">
    <groups>
    </groups>
    <test started-at="2022-06-14T09:50:52 IST" name="Default test" finished-at="2022-06-14T09:51:02 IST" duration-ms="10023">
      <class name="testngFlags.Class2">
        <test-method signature="f()[pri:0, instance:testngFlags.Class2@47d90b9e]" started-at="2022-06-14T09:50:52 IST" name="f" finished-at="2022-06-14T09:51:02 IST" duration-ms="9946" status="PASS">
          <reporter-output>
          </reporter-output>
        </test-method> <!-- f -->
      </class> <!-- testngFlags.Class2 -->
    </test> <!-- Default test -->
  </suite> <!-- Default suite -->
</testng-results>
